Nâng cấp bắt đầu: 12:01:16_26-10-2025
12:01:16_26-10-2025 | ::1 | Tải về bản backup các file thay đổi | SUCCESS
12:01:44_26-10-2025 | ::1 | Cập nhật module News lên 4.5.07 | SUCCESS
12:01:45_26-10-2025 | ::1 | Cập nhật hệ thống lên 4.5.07 | SUCCESS
12:01:46_26-10-2025 | ::1 | Cập nhật CSDL lên phiên bản 4.5.07 | SUCCESS
12:03:00_26-10-2025 | ::1 | Tạo thư mục assets/js/pdf.js/standard_fonts | SUCCESS
12:03:00_26-10-2025 | ::1 | Tạo thư mục vendor/guzzlehttp | SUCCESS
12:03:00_26-10-2025 | ::1 | Tạo thư mục vendor/guzzlehttp/psr7 | SUCCESS
12:03:00_26-10-2025 | ::1 | Tạo thư mục vendor/guzzlehttp/psr7/src | SUCCESS
12:03:00_26-10-2025 | ::1 | Tạo thư mục vendor/kriswallsmith/buzz/lib/Buzz/Converter | SUCCESS
12:03:00_26-10-2025 | ::1 | Tạo thư mục vendor/kriswallsmith/buzz/lib/Buzz/Middleware | SUCCESS
12:03:00_26-10-2025 | ::1 | Tạo thư mục vendor/psr | SUCCESS
12:03:00_26-10-2025 | ::1 | Tạo thư mục vendor/psr/http-message | SUCCESS
12:03:00_26-10-2025 | ::1 | Tạo thư mục vendor/psr/http-message/src | SUCCESS
12:03:00_26-10-2025 | ::1 | Tạo thư mục vendor/ralouphie | SUCCESS
12:03:00_26-10-2025 | ::1 | Tạo thư mục vendor/ralouphie/getallheaders | SUCCESS
12:03:00_26-10-2025 | ::1 | Tạo thư mục vendor/ralouphie/getallheaders/src | SUCCESS
12:03:00_26-10-2025 | ::1 | Di chuyển file admin/authors/2step.php | SUCCESS
12:03:00_26-10-2025 | ::1 | Di chuyển file admin/authors/2step_zalo.php | SUCCESS
12:03:00_26-10-2025 | ::1 | Di chuyển file admin/authors/add.php | SUCCESS
12:03:00_26-10-2025 | ::1 | Di chuyển file admin/authors/api-credentials.php | SUCCESS
12:03:00_26-10-2025 | ::1 | Di chuyển file admin/authors/api-roles.php | SUCCESS
12:03:00_26-10-2025 | ::1 | Di chuyển file admin/authors/del.php | SUCCESS
12:03:00_26-10-2025 | ::1 | Di chuyển file admin/authors/edit.php | SUCCESS
12:03:00_26-10-2025 | ::1 | Di chuyển file admin/authors/main.php | SUCCESS
12:03:00_26-10-2025 | ::1 | Di chuyển file admin/authors/module.php | SUCCESS
12:03:00_26-10-2025 | ::1 | Di chuyển file admin/database/file.php | SUCCESS
12:03:00_26-10-2025 | ::1 | Di chuyển file admin/database/functions.php | SUCCESS
12:03:00_26-10-2025 | ::1 | Di chuyển file admin/database/sampledata.php | SUCCESS
12:03:00_26-10-2025 | ::1 | Di chuyển file admin/database/savefile.php | SUCCESS
12:03:00_26-10-2025 | ::1 | Di chuyển file admin/extensions/download.php | SUCCESS
12:03:00_26-10-2025 | ::1 | Di chuyển file admin/extensions/functions.php | SUCCESS
12:03:00_26-10-2025 | ::1 | Di chuyển file admin/extensions/install.php | SUCCESS
12:03:00_26-10-2025 | ::1 | Di chuyển file admin/extensions/upload.php | SUCCESS
12:03:00_26-10-2025 | ::1 | Di chuyển file admin/index.php | SUCCESS
12:03:00_26-10-2025 | ::1 | Di chuyển file admin/language/check.php | SUCCESS
12:03:00_26-10-2025 | ::1 | Di chuyển file admin/language/download.php | SUCCESS
12:03:00_26-10-2025 | ::1 | Di chuyển file admin/language/main.php | SUCCESS
12:03:00_26-10-2025 | ::1 | Di chuyển file admin/modules/change_custom_name.php | SUCCESS
12:03:00_26-10-2025 | ::1 | Di chuyển file admin/modules/change_site_title.php | SUCCESS
12:03:00_26-10-2025 | ::1 | Di chuyển file admin/modules/del.php | SUCCESS
12:03:00_26-10-2025 | ::1 | Di chuyển file admin/modules/functions.php | SUCCESS
12:03:00_26-10-2025 | ::1 | Di chuyển file admin/modules/recreate_mod.php | SUCCESS
12:03:00_26-10-2025 | ::1 | Di chuyển file admin/modules/setup.php | SUCCESS
12:03:00_26-10-2025 | ::1 | Di chuyển file admin/seotools/sitemapPing.php | SUCCESS
12:03:00_26-10-2025 | ::1 | Di chuyển file admin/settings/admin.menu.php | SUCCESS
12:03:00_26-10-2025 | ::1 | Di chuyển file admin/settings/ftp.php | SUCCESS
12:03:00_26-10-2025 | ::1 | Di chuyển file admin/settings/functions.php | SUCCESS
12:03:00_26-10-2025 | ::1 | Di chuyển file admin/settings/headers.php | SUCCESS
12:03:00_26-10-2025 | ::1 | Di chuyển file admin/settings/security.php | SUCCESS
12:03:00_26-10-2025 | ::1 | Di chuyển file admin/settings/system.php | SUCCESS
12:03:00_26-10-2025 | ::1 | Di chuyển file admin/settings/variables.php | SUCCESS
12:03:00_26-10-2025 | ::1 | Di chuyển file admin/themes/admin.menu.php | SUCCESS
12:03:00_26-10-2025 | ::1 | Di chuyển file admin/themes/block_content.php | SUCCESS
12:03:00_26-10-2025 | ::1 | Di chuyển file admin/themes/blocks.php | SUCCESS
12:03:00_26-10-2025 | ::1 | Di chuyển file admin/themes/blocks_func.php | SUCCESS
12:03:00_26-10-2025 | ::1 | Di chuyển file admin/themes/blocks_reset_order.php | SUCCESS
12:03:00_26-10-2025 | ::1 | Di chuyển file admin/themes/loadposition.php | SUCCESS
12:03:00_26-10-2025 | ::1 | Di chuyển file admin/themes/main.php | SUCCESS
12:03:00_26-10-2025 | ::1 | Di chuyển file admin/upload/addlogo.php | SUCCESS
12:03:00_26-10-2025 | ::1 | Di chuyển file admin/upload/admin.menu.php | SUCCESS
12:03:00_26-10-2025 | ::1 | Di chuyển file admin/upload/config.php | SUCCESS
12:03:00_26-10-2025 | ::1 | Di chuyển file admin/upload/createimg.php | SUCCESS
12:03:00_26-10-2025 | ::1 | Di chuyển file admin/upload/cropimg.php | SUCCESS
12:03:00_26-10-2025 | ::1 | Di chuyển file admin/upload/delfolder.php | SUCCESS
12:03:00_26-10-2025 | ::1 | Di chuyển file admin/upload/delimg.php | SUCCESS
12:03:00_26-10-2025 | ::1 | Di chuyển file admin/upload/dlimg.php | SUCCESS
12:03:00_26-10-2025 | ::1 | Di chuyển file admin/upload/folderlist.php | SUCCESS
12:03:00_26-10-2025 | ::1 | Di chuyển file admin/upload/functions.php | SUCCESS
12:03:00_26-10-2025 | ::1 | Di chuyển file admin/upload/main.php | SUCCESS
12:03:00_26-10-2025 | ::1 | Di chuyển file admin/upload/moveimg.php | SUCCESS
12:03:00_26-10-2025 | ::1 | Di chuyển file admin/upload/renamefolder.php | SUCCESS
12:03:00_26-10-2025 | ::1 | Di chuyển file admin/upload/rotateimg.php | SUCCESS
12:03:00_26-10-2025 | ::1 | Di chuyển file admin/upload/thumbconfig.php | SUCCESS
12:03:00_26-10-2025 | ::1 | Di chuyển file admin/upload/upload.php | SUCCESS
12:03:00_26-10-2025 | ::1 | Di chuyển file admin/upload/uploadconfig.php | SUCCESS
12:03:00_26-10-2025 | ::1 | Di chuyển file admin/zalo/admin.menu.php | SUCCESS
12:03:00_26-10-2025 | ::1 | Di chuyển file admin/zalo/functions.php | SUCCESS
12:03:00_26-10-2025 | ::1 | Di chuyển file admin/zalo/index.html | SUCCESS
12:03:00_26-10-2025 | ::1 | Di chuyển file admin/zalo/main.php | SUCCESS
12:03:00_26-10-2025 | ::1 | Di chuyển file admin/zalo/settings.php | SUCCESS
12:03:00_26-10-2025 | ::1 | Di chuyển file api.php | SUCCESS
12:03:00_26-10-2025 | ::1 | Di chuyển file assets/css/rss.xsl | SUCCESS
12:03:00_26-10-2025 | ::1 | Di chuyển file assets/editors/ckeditor5-classic/LICENSE.md | SUCCESS
12:03:00_26-10-2025 | ::1 | Di chuyển file assets/editors/ckeditor5-classic/ckeditor.css | SUCCESS
12:03:00_26-10-2025 | ::1 | Di chuyển file assets/editors/ckeditor5-classic/ckeditor.js | SUCCESS
12:03:00_26-10-2025 | ::1 | Di chuyển file assets/editors/ckeditor5-classic/index.html | SUCCESS
12:03:00_26-10-2025 | ::1 | Di chuyển file assets/editors/ckeditor5-classic/language/en.js | SUCCESS
12:03:00_26-10-2025 | ::1 | Di chuyển file assets/editors/ckeditor5-classic/language/fr.js | SUCCESS
12:03:00_26-10-2025 | ::1 | Di chuyển file assets/editors/ckeditor5-classic/language/index.html | SUCCESS
12:03:00_26-10-2025 | ::1 | Di chuyển file assets/editors/ckeditor5-classic/language/ru.js | SUCCESS
12:03:00_26-10-2025 | ::1 | Di chuyển file assets/editors/ckeditor5-classic/language/vi.js | SUCCESS
12:03:00_26-10-2025 | ::1 | Di chuyển file assets/editors/ckeditor5-classic/nv.callback.js | SUCCESS
12:03:00_26-10-2025 | ::1 | Di chuyển file assets/editors/ckeditor5-classic/nv.php | SUCCESS
12:03:00_26-10-2025 | ::1 | Di chuyển file assets/editors/ckeditor5-classic/nv.upload.error.php | SUCCESS
12:03:00_26-10-2025 | ::1 | Di chuyển file assets/editors/ckeditor5-classic/nv.upload.success.php | SUCCESS
12:03:00_26-10-2025 | ::1 | Di chuyển file assets/js/DOMPurify/purify2.js | SUCCESS
12:03:00_26-10-2025 | ::1 | Di chuyển file assets/js/DOMPurify/purify3.js | SUCCESS
12:03:00_26-10-2025 | ::1 | Di chuyển file assets/js/admin.js | SUCCESS
12:03:00_26-10-2025 | ::1 | Di chuyển file assets/js/chart/chart.esm.js | SUCCESS
12:03:00_26-10-2025 | ::1 | Di chuyển file assets/js/chart/chart.js | SUCCESS
12:03:00_26-10-2025 | ::1 | Di chuyển file assets/js/chart/chart.min.js | SUCCESS
12:03:00_26-10-2025 | ::1 | Di chuyển file assets/js/chart/chunks/helpers.segment.js | SUCCESS
12:03:00_26-10-2025 | ::1 | Di chuyển file assets/js/chart/helpers.esm.js | SUCCESS
12:03:00_26-10-2025 | ::1 | Di chuyển file assets/js/clipboard/clipboard.min.js | SUCCESS
12:03:00_26-10-2025 | ::1 | Di chuyển file assets/js/global.js | SUCCESS
12:03:00_26-10-2025 | ::1 | Di chuyển file assets/js/highlight/github.min.css | SUCCESS
12:03:00_26-10-2025 | ::1 | Di chuyển file assets/js/highlight/highlight.min.js | SUCCESS
12:03:00_26-10-2025 | ::1 | Di chuyển file assets/js/highlight/index.html | SUCCESS
12:03:00_26-10-2025 | ::1 | Di chuyển file assets/js/jquery/additional-methods.min.js | SUCCESS
12:03:00_26-10-2025 | ::1 | Di chuyển file assets/js/jquery/jquery.min.js | SUCCESS
12:03:00_26-10-2025 | ::1 | Di chuyển file assets/js/jquery/jquery.validate.min.js | SUCCESS
12:03:00_26-10-2025 | ::1 | Di chuyển file assets/js/jquery-ui/images/ui-icons_444444_256x240.png | SUCCESS
12:03:00_26-10-2025 | ::1 | Di chuyển file assets/js/jquery-ui/images/ui-icons_555555_256x240.png | SUCCESS
12:03:00_26-10-2025 | ::1 | Di chuyển file assets/js/jquery-ui/images/ui-icons_777620_256x240.png | SUCCESS
12:03:00_26-10-2025 | ::1 | Di chuyển file assets/js/jquery-ui/images/ui-icons_777777_256x240.png | SUCCESS
12:03:00_26-10-2025 | ::1 | Di chuyển file assets/js/jquery-ui/images/ui-icons_cc0000_256x240.png | SUCCESS
12:03:00_26-10-2025 | ::1 | Di chuyển file assets/js/jquery-ui/images/ui-icons_ffffff_256x240.png | SUCCESS
12:03:00_26-10-2025 | ::1 | Di chuyển file assets/js/jquery-ui/jquery-ui.min.css | SUCCESS
12:03:00_26-10-2025 | ::1 | Di chuyển file assets/js/jquery-ui/jquery-ui.min.js | SUCCESS
12:03:00_26-10-2025 | ::1 | Di chuyển file assets/js/jquery-ui/jquery-ui.structure.min.css | SUCCESS
12:03:00_26-10-2025 | ::1 | Di chuyển file assets/js/jquery-ui/jquery-ui.theme.min.css | SUCCESS
12:03:00_26-10-2025 | ::1 | Di chuyển file assets/js/language/jquery.validator-fr.js | SUCCESS
12:03:00_26-10-2025 | ::1 | Di chuyển file assets/js/language/jquery.validator-vi.js | SUCCESS
12:03:00_26-10-2025 | ::1 | Di chuyển file assets/js/pdf.js/debugger.css | SUCCESS
12:03:00_26-10-2025 | ::1 | Di chuyển file assets/js/pdf.js/debugger.js | SUCCESS
12:03:00_26-10-2025 | ::1 | Di chuyển file assets/js/pdf.js/images/altText_add.svg | SUCCESS
12:03:00_26-10-2025 | ::1 | Di chuyển file assets/js/pdf.js/images/altText_done.svg | SUCCESS
12:03:00_26-10-2025 | ::1 | Di chuyển file assets/js/pdf.js/images/annotation-paperclip.svg | SUCCESS
12:03:00_26-10-2025 | ::1 | Di chuyển file assets/js/pdf.js/images/annotation-pushpin.svg | SUCCESS
12:03:00_26-10-2025 | ::1 | Di chuyển file assets/js/pdf.js/images/cursor-editorFreeText.svg | SUCCESS
12:03:00_26-10-2025 | ::1 | Di chuyển file assets/js/pdf.js/images/cursor-editorInk.svg | SUCCESS
12:03:00_26-10-2025 | ::1 | Di chuyển file assets/js/pdf.js/images/findbarButton-next.svg | SUCCESS
12:03:00_26-10-2025 | ::1 | Di chuyển file assets/js/pdf.js/images/findbarButton-previous.svg | SUCCESS
12:03:00_26-10-2025 | ::1 | Di chuyển file assets/js/pdf.js/images/gv-toolbarButton-download.svg | SUCCESS
12:03:00_26-10-2025 | ::1 | Di chuyển file assets/js/pdf.js/images/gv-toolbarButton-openinapp.svg | SUCCESS
12:03:00_26-10-2025 | ::1 | Di chuyển file assets/js/pdf.js/images/secondaryToolbarButton-documentProperties.svg | SUCCESS
12:03:00_26-10-2025 | ::1 | Di chuyển file assets/js/pdf.js/images/secondaryToolbarButton-firstPage.svg | SUCCESS
12:03:00_26-10-2025 | ::1 | Di chuyển file assets/js/pdf.js/images/secondaryToolbarButton-handTool.svg | SUCCESS
12:03:00_26-10-2025 | ::1 | Di chuyển file assets/js/pdf.js/images/secondaryToolbarButton-lastPage.svg | SUCCESS
12:03:00_26-10-2025 | ::1 | Di chuyển file assets/js/pdf.js/images/secondaryToolbarButton-rotateCcw.svg | SUCCESS
12:03:00_26-10-2025 | ::1 | Di chuyển file assets/js/pdf.js/images/secondaryToolbarButton-rotateCw.svg | SUCCESS
12:03:00_26-10-2025 | ::1 | Di chuyển file assets/js/pdf.js/images/secondaryToolbarButton-scrollHorizontal.svg | SUCCESS
12:03:00_26-10-2025 | ::1 | Di chuyển file assets/js/pdf.js/images/secondaryToolbarButton-scrollPage.svg | SUCCESS
12:03:00_26-10-2025 | ::1 | Di chuyển file assets/js/pdf.js/images/secondaryToolbarButton-scrollVertical.svg | SUCCESS
12:03:00_26-10-2025 | ::1 | Di chuyển file assets/js/pdf.js/images/secondaryToolbarButton-scrollWrapped.svg | SUCCESS
12:03:00_26-10-2025 | ::1 | Di chuyển file assets/js/pdf.js/images/secondaryToolbarButton-selectTool.svg | SUCCESS
12:03:00_26-10-2025 | ::1 | Di chuyển file assets/js/pdf.js/images/secondaryToolbarButton-spreadEven.svg | SUCCESS
12:03:00_26-10-2025 | ::1 | Di chuyển file assets/js/pdf.js/images/secondaryToolbarButton-spreadNone.svg | SUCCESS
12:03:00_26-10-2025 | ::1 | Di chuyển file assets/js/pdf.js/images/secondaryToolbarButton-spreadOdd.svg | SUCCESS
12:03:00_26-10-2025 | ::1 | Di chuyển file assets/js/pdf.js/images/toolbarButton-bookmark.svg | SUCCESS
12:03:00_26-10-2025 | ::1 | Di chuyển file assets/js/pdf.js/images/toolbarButton-currentOutlineItem.svg | SUCCESS
12:03:00_26-10-2025 | ::1 | Di chuyển file assets/js/pdf.js/images/toolbarButton-download.svg | SUCCESS
12:03:00_26-10-2025 | ::1 | Di chuyển file assets/js/pdf.js/images/toolbarButton-editorFreeText.svg | SUCCESS
12:03:00_26-10-2025 | ::1 | Di chuyển file assets/js/pdf.js/images/toolbarButton-editorInk.svg | SUCCESS
12:03:00_26-10-2025 | ::1 | Di chuyển file assets/js/pdf.js/images/toolbarButton-editorStamp.svg | SUCCESS
12:03:00_26-10-2025 | ::1 | Di chuyển file assets/js/pdf.js/images/toolbarButton-menuArrow.svg | SUCCESS
12:03:00_26-10-2025 | ::1 | Di chuyển file assets/js/pdf.js/images/toolbarButton-openFile.svg | SUCCESS
12:03:00_26-10-2025 | ::1 | Di chuyển file assets/js/pdf.js/images/toolbarButton-pageDown.svg | SUCCESS
12:03:00_26-10-2025 | ::1 | Di chuyển file assets/js/pdf.js/images/toolbarButton-pageUp.svg | SUCCESS
12:03:00_26-10-2025 | ::1 | Di chuyển file assets/js/pdf.js/images/toolbarButton-presentationMode.svg | SUCCESS
12:03:00_26-10-2025 | ::1 | Di chuyển file assets/js/pdf.js/images/toolbarButton-print.svg | SUCCESS
12:03:00_26-10-2025 | ::1 | Di chuyển file assets/js/pdf.js/images/toolbarButton-search.svg | SUCCESS
12:03:00_26-10-2025 | ::1 | Di chuyển file assets/js/pdf.js/images/toolbarButton-secondaryToolbarToggle.svg | SUCCESS
12:03:00_26-10-2025 | ::1 | Di chuyển file assets/js/pdf.js/images/toolbarButton-sidebarToggle.svg | SUCCESS
12:03:00_26-10-2025 | ::1 | Di chuyển file assets/js/pdf.js/images/toolbarButton-viewAttachments.svg | SUCCESS
12:03:00_26-10-2025 | ::1 | Di chuyển file assets/js/pdf.js/images/toolbarButton-viewLayers.svg | SUCCESS
12:03:00_26-10-2025 | ::1 | Di chuyển file assets/js/pdf.js/images/toolbarButton-viewOutline.svg | SUCCESS
12:03:00_26-10-2025 | ::1 | Di chuyển file assets/js/pdf.js/images/toolbarButton-viewThumbnail.svg | SUCCESS
12:03:00_26-10-2025 | ::1 | Di chuyển file assets/js/pdf.js/images/toolbarButton-zoomIn.svg | SUCCESS
12:03:00_26-10-2025 | ::1 | Di chuyển file assets/js/pdf.js/images/toolbarButton-zoomOut.svg | SUCCESS
12:03:00_26-10-2025 | ::1 | Di chuyển file assets/js/pdf.js/locale/en-GB/viewer.properties | SUCCESS
12:03:00_26-10-2025 | ::1 | Di chuyển file assets/js/pdf.js/locale/en-US/viewer.properties | SUCCESS
12:03:00_26-10-2025 | ::1 | Di chuyển file assets/js/pdf.js/locale/fr/viewer.properties | SUCCESS
12:03:00_26-10-2025 | ::1 | Di chuyển file assets/js/pdf.js/locale/locale.properties | SUCCESS
12:03:00_26-10-2025 | ::1 | Di chuyển file assets/js/pdf.js/locale/vi/viewer.properties | SUCCESS
12:03:00_26-10-2025 | ::1 | Di chuyển file assets/js/pdf.js/pdf.js | SUCCESS
12:03:00_26-10-2025 | ::1 | Di chuyển file assets/js/pdf.js/pdf.sandbox.js | SUCCESS
12:03:00_26-10-2025 | ::1 | Di chuyển file assets/js/pdf.js/pdf.worker.js | SUCCESS
12:03:00_26-10-2025 | ::1 | Di chuyển file assets/js/pdf.js/standard_fonts/FoxitDingbats.pfb | SUCCESS
12:03:00_26-10-2025 | ::1 | Di chuyển file assets/js/pdf.js/standard_fonts/FoxitFixed.pfb | SUCCESS
12:03:00_26-10-2025 | ::1 | Di chuyển file assets/js/pdf.js/standard_fonts/FoxitFixedBold.pfb | SUCCESS
12:03:00_26-10-2025 | ::1 | Di chuyển file assets/js/pdf.js/standard_fonts/FoxitFixedBoldItalic.pfb | SUCCESS
12:03:00_26-10-2025 | ::1 | Di chuyển file assets/js/pdf.js/standard_fonts/FoxitFixedItalic.pfb | SUCCESS
12:03:00_26-10-2025 | ::1 | Di chuyển file assets/js/pdf.js/standard_fonts/FoxitSerif.pfb | SUCCESS
12:03:00_26-10-2025 | ::1 | Di chuyển file assets/js/pdf.js/standard_fonts/FoxitSerifBold.pfb | SUCCESS
12:03:00_26-10-2025 | ::1 | Di chuyển file assets/js/pdf.js/standard_fonts/FoxitSerifBoldItalic.pfb | SUCCESS
12:03:00_26-10-2025 | ::1 | Di chuyển file assets/js/pdf.js/standard_fonts/FoxitSerifItalic.pfb | SUCCESS
12:03:00_26-10-2025 | ::1 | Di chuyển file assets/js/pdf.js/standard_fonts/FoxitSymbol.pfb | SUCCESS
12:03:00_26-10-2025 | ::1 | Di chuyển file assets/js/pdf.js/standard_fonts/LICENSE_FOXIT | SUCCESS
12:03:00_26-10-2025 | ::1 | Di chuyển file assets/js/pdf.js/standard_fonts/LICENSE_LIBERATION | SUCCESS
12:03:00_26-10-2025 | ::1 | Di chuyển file assets/js/pdf.js/standard_fonts/LiberationSans-Bold.ttf | SUCCESS
12:03:00_26-10-2025 | ::1 | Di chuyển file assets/js/pdf.js/standard_fonts/LiberationSans-BoldItalic.ttf | SUCCESS
12:03:00_26-10-2025 | ::1 | Di chuyển file assets/js/pdf.js/standard_fonts/LiberationSans-Italic.ttf | SUCCESS
12:03:00_26-10-2025 | ::1 | Di chuyển file assets/js/pdf.js/standard_fonts/LiberationSans-Regular.ttf | SUCCESS
12:03:00_26-10-2025 | ::1 | Di chuyển file assets/js/pdf.js/viewer.css | SUCCESS
12:03:00_26-10-2025 | ::1 | Di chuyển file assets/js/pdf.js/viewer.js | SUCCESS
12:03:00_26-10-2025 | ::1 | Di chuyển file assets/js/pdf.js/viewer.tpl | SUCCESS
12:03:00_26-10-2025 | ::1 | Di chuyển file assets/js/plyr/index.html | SUCCESS
12:03:00_26-10-2025 | ::1 | Di chuyển file assets/js/plyr/plyr.css | SUCCESS
12:03:00_26-10-2025 | ::1 | Di chuyển file assets/js/plyr/plyr.polyfilled.js | SUCCESS
12:03:00_26-10-2025 | ::1 | Di chuyển file assets/js/plyr/plyr.svg | SUCCESS
12:03:00_26-10-2025 | ::1 | Di chuyển file assets/js/site.js | SUCCESS
12:03:00_26-10-2025 | ::1 | Di chuyển file assets/js/stickytableheaders/index.html | SUCCESS
12:03:00_26-10-2025 | ::1 | Di chuyển file assets/js/stickytableheaders/jquery.stickytableheaders.min.js | SUCCESS
12:03:00_26-10-2025 | ::1 | Di chuyển file assets/js/upload.js | SUCCESS
12:03:00_26-10-2025 | ::1 | Di chuyển file assets/tpl/rss.tpl | SUCCESS
12:03:00_26-10-2025 | ::1 | Di chuyển file composer.json | SUCCESS
12:03:00_26-10-2025 | ::1 | Di chuyển file data/certs/cacert.pem | SUCCESS
12:03:00_26-10-2025 | ::1 | Di chuyển file error.php | SUCCESS
12:03:00_26-10-2025 | ::1 | Di chuyển file includes/action_mysql.php | SUCCESS
12:03:00_26-10-2025 | ::1 | Di chuyển file includes/api/ClearCache.php | SUCCESS
12:03:00_26-10-2025 | ::1 | Di chuyển file includes/constants.php | SUCCESS
12:03:00_26-10-2025 | ::1 | Di chuyển file includes/core/admin_access.php | SUCCESS
12:03:00_26-10-2025 | ::1 | Di chuyển file includes/core/admin_functions.php | SUCCESS
12:03:00_26-10-2025 | ::1 | Di chuyển file includes/core/admin_login.php | SUCCESS
12:03:00_26-10-2025 | ::1 | Di chuyển file includes/core/admin_login_zalo.php | SUCCESS
12:03:00_26-10-2025 | ::1 | Di chuyển file includes/core/admin_logout.php | SUCCESS
12:03:00_26-10-2025 | ::1 | Di chuyển file includes/core/captcha.php | SUCCESS
12:03:00_26-10-2025 | ::1 | Di chuyển file includes/core/cronjobs.php | SUCCESS
12:03:00_26-10-2025 | ::1 | Di chuyển file includes/core/filesystem_functions.php | SUCCESS
12:03:00_26-10-2025 | ::1 | Di chuyển file includes/core/flood_blocker.php | SUCCESS
12:03:00_26-10-2025 | ::1 | Di chuyển file includes/core/is_admin.php | SUCCESS
12:03:00_26-10-2025 | ::1 | Di chuyển file includes/core/is_user.php | SUCCESS
12:03:00_26-10-2025 | ::1 | Di chuyển file includes/core/rpc.php | SUCCESS
12:03:00_26-10-2025 | ::1 | Di chuyển file includes/core/stat.php | SUCCESS
12:03:00_26-10-2025 | ::1 | Di chuyển file includes/core/statimg.php | SUCCESS
12:03:00_26-10-2025 | ::1 | Di chuyển file includes/core/theme_functions.php | SUCCESS
12:03:00_26-10-2025 | ::1 | Di chuyển file includes/core/user_functions.php | SUCCESS
12:03:00_26-10-2025 | ::1 | Di chuyển file includes/countries.php | SUCCESS
12:03:00_26-10-2025 | ::1 | Di chuyển file includes/cronjobs/dump_autobackup.php | SUCCESS
12:03:00_26-10-2025 | ::1 | Di chuyển file includes/cronjobs/notification_autodel.php | SUCCESS
12:03:00_26-10-2025 | ::1 | Di chuyển file includes/footer.php | SUCCESS
12:03:00_26-10-2025 | ::1 | Di chuyển file includes/functions.php | SUCCESS
12:03:00_26-10-2025 | ::1 | Di chuyển file includes/ini/mime.ini | SUCCESS
12:03:00_26-10-2025 | ::1 | Di chuyển file includes/ini.php | SUCCESS
12:03:00_26-10-2025 | ::1 | Di chuyển file includes/language/en/admin_authors.php | SUCCESS
12:03:00_26-10-2025 | ::1 | Di chuyển file includes/language/en/admin_database.php | SUCCESS
12:03:00_26-10-2025 | ::1 | Di chuyển file includes/language/en/admin_extensions.php | SUCCESS
12:03:00_26-10-2025 | ::1 | Di chuyển file includes/language/en/admin_global.php | SUCCESS
12:03:00_26-10-2025 | ::1 | Di chuyển file includes/language/en/admin_settings.php | SUCCESS
12:03:00_26-10-2025 | ::1 | Di chuyển file includes/language/en/admin_upload.php | SUCCESS
12:03:00_26-10-2025 | ::1 | Di chuyển file includes/language/en/admin_zalo.php | SUCCESS
12:03:00_26-10-2025 | ::1 | Di chuyển file includes/language/en/global.php | SUCCESS
12:03:00_26-10-2025 | ::1 | Di chuyển file includes/language/en/install.php | SUCCESS
12:03:00_26-10-2025 | ::1 | Di chuyển file includes/language/fr/admin_authors.php | SUCCESS
12:03:00_26-10-2025 | ::1 | Di chuyển file includes/language/fr/admin_database.php | SUCCESS
12:03:00_26-10-2025 | ::1 | Di chuyển file includes/language/fr/admin_extensions.php | SUCCESS
12:03:00_26-10-2025 | ::1 | Di chuyển file includes/language/fr/admin_global.php | SUCCESS
12:03:00_26-10-2025 | ::1 | Di chuyển file includes/language/fr/admin_settings.php | SUCCESS
12:03:00_26-10-2025 | ::1 | Di chuyển file includes/language/fr/admin_upload.php | SUCCESS
12:03:00_26-10-2025 | ::1 | Di chuyển file includes/language/fr/admin_zalo.php | SUCCESS
12:03:00_26-10-2025 | ::1 | Di chuyển file includes/language/fr/global.php | SUCCESS
12:03:00_26-10-2025 | ::1 | Di chuyển file includes/language/fr/install.php | SUCCESS
12:03:00_26-10-2025 | ::1 | Di chuyển file includes/language/vi/admin_authors.php | SUCCESS
12:03:00_26-10-2025 | ::1 | Di chuyển file includes/language/vi/admin_database.php | SUCCESS
12:03:00_26-10-2025 | ::1 | Di chuyển file includes/language/vi/admin_extensions.php | SUCCESS
12:03:00_26-10-2025 | ::1 | Di chuyển file includes/language/vi/admin_global.php | SUCCESS
12:03:00_26-10-2025 | ::1 | Di chuyển file includes/language/vi/admin_settings.php | SUCCESS
12:03:00_26-10-2025 | ::1 | Di chuyển file includes/language/vi/admin_upload.php | SUCCESS
12:03:00_26-10-2025 | ::1 | Di chuyển file includes/language/vi/admin_zalo.php | SUCCESS
12:03:00_26-10-2025 | ::1 | Di chuyển file includes/language/vi/functions.php | SUCCESS
12:03:00_26-10-2025 | ::1 | Di chuyển file includes/language/vi/global.php | SUCCESS
12:03:00_26-10-2025 | ::1 | Di chuyển file includes/language/vi/install.php | SUCCESS
12:03:00_26-10-2025 | ::1 | Di chuyển file includes/mainfile.php | SUCCESS
12:03:00_26-10-2025 | ::1 | Di chuyển file includes/plugin/cdn_js_css_image.ini | SUCCESS
12:03:00_26-10-2025 | ::1 | Di chuyển file includes/plugin/china_censorship.ini | SUCCESS
12:03:00_26-10-2025 | ::1 | Di chuyển file includes/plugin/mysql_master_slave.ini | SUCCESS
12:03:00_26-10-2025 | ::1 | Di chuyển file includes/plugin/qrcode.ini | SUCCESS
12:03:00_26-10-2025 | ::1 | Di chuyển file includes/plugin/qrcode.php | SUCCESS
12:03:00_26-10-2025 | ::1 | Di chuyển file includes/plugin/rewrite_obsolute.ini | SUCCESS
12:03:00_26-10-2025 | ::1 | Di chuyển file includes/request_uri.php | SUCCESS
12:03:00_26-10-2025 | ::1 | Di chuyển file includes/timezone.php | SUCCESS
12:03:00_26-10-2025 | ::1 | Di chuyển file includes/utf8/iconv_string_handler.php | SUCCESS
12:03:00_26-10-2025 | ::1 | Di chuyển file includes/utf8/mb_string_handler.php | SUCCESS
12:03:00_26-10-2025 | ::1 | Di chuyển file includes/utf8/php_string_handler.php | SUCCESS
12:03:00_26-10-2025 | ::1 | Di chuyển file includes/utf8/utf8_functions.php | SUCCESS
12:03:00_26-10-2025 | ::1 | Di chuyển file includes/xtemplate.class.php | SUCCESS
12:03:00_26-10-2025 | ::1 | Di chuyển file index.php | SUCCESS
12:03:00_26-10-2025 | ::1 | Di chuyển file install/action_mysql.php | SUCCESS
12:03:00_26-10-2025 | ::1 | Di chuyển file install/config.php | SUCCESS
12:03:00_26-10-2025 | ::1 | Di chuyển file install/data.php | SUCCESS
12:03:00_26-10-2025 | ::1 | Di chuyển file install/data_by_lang.php | SUCCESS
12:03:00_26-10-2025 | ::1 | Di chuyển file install/data_en.php | SUCCESS
12:03:00_26-10-2025 | ::1 | Di chuyển file install/data_fr.php | SUCCESS
12:03:00_26-10-2025 | ::1 | Di chuyển file install/data_vi.php | SUCCESS
12:03:00_26-10-2025 | ::1 | Di chuyển file install/default.htaccess.txt | SUCCESS
12:03:00_26-10-2025 | ::1 | Di chuyển file install/index.php | SUCCESS
12:03:00_26-10-2025 | ::1 | Di chuyển file install/ini.php | SUCCESS
12:03:00_26-10-2025 | ::1 | Di chuyển file install/mainfile.php | SUCCESS
12:03:00_26-10-2025 | ::1 | Di chuyển file install/template.php | SUCCESS
12:03:00_26-10-2025 | ::1 | Di chuyển file install/tpl/step1.tpl | SUCCESS
12:03:00_26-10-2025 | ::1 | Di chuyển file install/tpl/step2.tpl | SUCCESS
12:03:00_26-10-2025 | ::1 | Di chuyển file install/tpl/step3.tpl | SUCCESS
12:03:00_26-10-2025 | ::1 | Di chuyển file install/tpl/step4.tpl | SUCCESS
12:03:00_26-10-2025 | ::1 | Di chuyển file install/tpl/step5.tpl | SUCCESS
12:03:00_26-10-2025 | ::1 | Di chuyển file install/tpl/step6.tpl | SUCCESS
12:03:00_26-10-2025 | ::1 | Di chuyển file install/tpl/step7.tpl | SUCCESS
12:03:00_26-10-2025 | ::1 | Di chuyển file install/tpl/step8.tpl | SUCCESS
12:03:00_26-10-2025 | ::1 | Di chuyển file install/tpl/theme.tpl | SUCCESS
12:03:00_26-10-2025 | ::1 | Di chuyển file install/tpl/updatetheme.tpl | SUCCESS
12:03:00_26-10-2025 | ::1 | Di chuyển file install/update.php | SUCCESS
12:03:00_26-10-2025 | ::1 | Di chuyển file modules/banners/action_mysql.php | SUCCESS
12:03:00_26-10-2025 | ::1 | Di chuyển file modules/banners/admin/add_banner.php | SUCCESS
12:03:00_26-10-2025 | ::1 | Di chuyển file modules/banners/admin/edit_banner.php | SUCCESS
12:03:00_26-10-2025 | ::1 | Di chuyển file modules/banners/admin/info_plan.php | SUCCESS
12:03:00_26-10-2025 | ::1 | Di chuyển file modules/banners/admin/main.php | SUCCESS
12:03:00_26-10-2025 | ::1 | Di chuyển file modules/banners/admin/show_list_stat.php | SUCCESS
12:03:00_26-10-2025 | ::1 | Di chuyển file modules/banners/admin.functions.php | SUCCESS
12:03:00_26-10-2025 | ::1 | Di chuyển file modules/banners/admin.menu.php | SUCCESS
12:03:00_26-10-2025 | ::1 | Di chuyển file modules/banners/blocks/global.banners.ini | SUCCESS
12:03:00_26-10-2025 | ::1 | Di chuyển file modules/banners/funcs/addads.php | SUCCESS
12:03:00_26-10-2025 | ::1 | Di chuyển file modules/banners/funcs/click.php | SUCCESS
12:03:00_26-10-2025 | ::1 | Di chuyển file modules/banners/funcs/main.php | SUCCESS
12:03:00_26-10-2025 | ::1 | Di chuyển file modules/banners/funcs/stats.php | SUCCESS
12:03:00_26-10-2025 | ::1 | Di chuyển file modules/banners/funcs/viewmap.php | SUCCESS
12:03:00_26-10-2025 | ::1 | Di chuyển file modules/banners/language/admin_en.php | SUCCESS
12:03:00_26-10-2025 | ::1 | Di chuyển file modules/banners/language/admin_fr.php | SUCCESS
12:03:00_26-10-2025 | ::1 | Di chuyển file modules/banners/language/admin_vi.php | SUCCESS
12:03:00_26-10-2025 | ::1 | Di chuyển file modules/banners/language/en.php | SUCCESS
12:03:00_26-10-2025 | ::1 | Di chuyển file modules/banners/language/fr.php | SUCCESS
12:03:00_26-10-2025 | ::1 | Di chuyển file modules/banners/language/vi.php | SUCCESS
12:03:00_26-10-2025 | ::1 | Di chuyển file modules/banners/version.php | SUCCESS
12:03:00_26-10-2025 | ::1 | Di chuyển file modules/comment/action_mysql.php | SUCCESS
12:03:00_26-10-2025 | ::1 | Di chuyển file modules/comment/admin/config.php | SUCCESS
12:03:00_26-10-2025 | ::1 | Di chuyển file modules/comment/admin/edit.php | SUCCESS
12:03:00_26-10-2025 | ::1 | Di chuyển file modules/comment/blocks/global.block_facebook_comment_box.ini | SUCCESS
12:03:00_26-10-2025 | ::1 | Di chuyển file modules/comment/comment.php | SUCCESS
12:03:00_26-10-2025 | ::1 | Di chuyển file modules/comment/funcs/post.php | SUCCESS
12:03:00_26-10-2025 | ::1 | Di chuyển file modules/comment/language/admin_en.php | SUCCESS
12:03:00_26-10-2025 | ::1 | Di chuyển file modules/comment/language/admin_fr.php | SUCCESS
12:03:00_26-10-2025 | ::1 | Di chuyển file modules/comment/language/admin_vi.php | SUCCESS
12:03:00_26-10-2025 | ::1 | Di chuyển file modules/comment/version.php | SUCCESS
12:03:00_26-10-2025 | ::1 | Di chuyển file modules/contact/admin/config.php | SUCCESS
12:03:00_26-10-2025 | ::1 | Di chuyển file modules/contact/admin/row.php | SUCCESS
12:03:00_26-10-2025 | ::1 | Di chuyển file modules/contact/admin/supporter-content.php | SUCCESS
12:03:00_26-10-2025 | ::1 | Di chuyển file modules/contact/admin/supporter.php | SUCCESS
12:03:00_26-10-2025 | ::1 | Di chuyển file modules/contact/blocks/global.department.ini | SUCCESS
12:03:00_26-10-2025 | ::1 | Di chuyển file modules/contact/funcs/main.php | SUCCESS
12:03:00_26-10-2025 | ::1 | Di chuyển file modules/contact/language/admin_en.php | SUCCESS
12:03:00_26-10-2025 | ::1 | Di chuyển file modules/contact/language/admin_fr.php | SUCCESS
12:03:00_26-10-2025 | ::1 | Di chuyển file modules/contact/language/admin_vi.php | SUCCESS
12:03:00_26-10-2025 | ::1 | Di chuyển file modules/contact/theme.php | SUCCESS
12:03:00_26-10-2025 | ::1 | Di chuyển file modules/contact/version.php | SUCCESS
12:03:00_26-10-2025 | ::1 | Di chuyển file modules/feeds/blocks/global.rss.ini | SUCCESS
12:03:00_26-10-2025 | ::1 | Di chuyển file modules/feeds/funcs/main.php | SUCCESS
12:03:00_26-10-2025 | ::1 | Di chuyển file modules/feeds/version.php | SUCCESS
12:03:00_26-10-2025 | ::1 | Di chuyển file modules/freecontent/admin/list.php | SUCCESS
12:03:00_26-10-2025 | ::1 | Di chuyển file modules/freecontent/admin/manager.php | SUCCESS
12:03:00_26-10-2025 | ::1 | Di chuyển file modules/freecontent/blocks/global.free_content.ini | SUCCESS
12:03:00_26-10-2025 | ::1 | Di chuyển file modules/freecontent/language/data_en.php | SUCCESS
12:03:00_26-10-2025 | ::1 | Di chuyển file modules/freecontent/language/data_vi.php | SUCCESS
12:03:00_26-10-2025 | ::1 | Di chuyển file modules/freecontent/version.php | SUCCESS
12:03:00_26-10-2025 | ::1 | Di chuyển file modules/menu/admin/rows.php | SUCCESS
12:03:00_26-10-2025 | ::1 | Di chuyển file modules/menu/blocks/global.bootstrap.ini | SUCCESS
12:03:00_26-10-2025 | ::1 | Di chuyển file modules/menu/blocks/global.bootstrap.php | SUCCESS
12:03:00_26-10-2025 | ::1 | Di chuyển file modules/menu/blocks/global.metismenu.ini | SUCCESS
12:03:00_26-10-2025 | ::1 | Di chuyển file modules/menu/blocks/global.site_mods.ini | SUCCESS
12:03:00_26-10-2025 | ::1 | Di chuyển file modules/menu/blocks/global.slimmenu.ini | SUCCESS
12:03:00_26-10-2025 | ::1 | Di chuyển file modules/menu/blocks/global.superfish.ini | SUCCESS
12:03:00_26-10-2025 | ::1 | Di chuyển file modules/menu/blocks/global.treeview.ini | SUCCESS
12:03:00_26-10-2025 | ::1 | Di chuyển file modules/menu/blocks/global.vertical_system.ini | SUCCESS
12:03:00_26-10-2025 | ::1 | Di chuyển file modules/menu/menu_blocks.php | SUCCESS
12:03:00_26-10-2025 | ::1 | Di chuyển file modules/menu/version.php | SUCCESS
12:03:00_26-10-2025 | ::1 | Di chuyển file modules/news/Log/Log.php | SUCCESS
12:03:00_26-10-2025 | ::1 | Di chuyển file modules/news/Log/index.html | SUCCESS
12:03:00_26-10-2025 | ::1 | Di chuyển file modules/news/Shared/Logs.php | SUCCESS
12:03:00_26-10-2025 | ::1 | Di chuyển file modules/news/Shared/Posts.php | SUCCESS
12:03:00_26-10-2025 | ::1 | Di chuyển file modules/news/Shared/index.html | SUCCESS
12:03:00_26-10-2025 | ::1 | Di chuyển file modules/news/action_mysql.php | SUCCESS
12:03:00_26-10-2025 | ::1 | Di chuyển file modules/news/admin/admins.php | SUCCESS
12:03:00_26-10-2025 | ::1 | Di chuyển file modules/news/admin/cat.php | SUCCESS
12:03:00_26-10-2025 | ::1 | Di chuyển file modules/news/admin/change_cat.php | SUCCESS
12:03:00_26-10-2025 | ::1 | Di chuyển file modules/news/admin/content.php | SUCCESS
12:03:00_26-10-2025 | ::1 | Di chuyển file modules/news/admin/declined.php | SUCCESS
12:03:00_26-10-2025 | ::1 | Di chuyển file modules/news/admin/del_cat.php | SUCCESS
12:03:00_26-10-2025 | ::1 | Di chuyển file modules/news/admin/del_content.php | SUCCESS
12:03:00_26-10-2025 | ::1 | Di chuyển file modules/news/admin/main.php | SUCCESS
12:03:00_26-10-2025 | ::1 | Di chuyển file modules/news/admin/move.php | SUCCESS
12:03:00_26-10-2025 | ::1 | Di chuyển file modules/news/admin/publtime.php | SUCCESS
12:03:00_26-10-2025 | ::1 | Di chuyển file modules/news/admin/re-published.php | SUCCESS
12:03:00_26-10-2025 | ::1 | Di chuyển file modules/news/admin/setting.php | SUCCESS
12:03:00_26-10-2025 | ::1 | Di chuyển file modules/news/admin/sourceajax.php | SUCCESS
12:03:00_26-10-2025 | ::1 | Di chuyển file modules/news/admin/stop.php | SUCCESS
12:03:00_26-10-2025 | ::1 | Di chuyển file modules/news/admin/tags.php | SUCCESS
12:03:00_26-10-2025 | ::1 | Di chuyển file modules/news/admin/voices.php | SUCCESS
12:03:00_26-10-2025 | ::1 | Di chuyển file modules/news/admin/waiting.php | SUCCESS
12:03:00_26-10-2025 | ::1 | Di chuyển file modules/news/admin.functions.php | SUCCESS
12:03:00_26-10-2025 | ::1 | Di chuyển file modules/news/admin.menu.php | SUCCESS
12:03:00_26-10-2025 | ::1 | Di chuyển file modules/news/blocks/global.block_category.ini | SUCCESS
12:03:00_26-10-2025 | ::1 | Di chuyển file modules/news/blocks/global.block_groups.ini | SUCCESS
12:03:00_26-10-2025 | ::1 | Di chuyển file modules/news/blocks/global.block_new_comment.ini | SUCCESS
12:03:00_26-10-2025 | ::1 | Di chuyển file modules/news/blocks/global.block_news_cat.ini | SUCCESS
12:03:00_26-10-2025 | ::1 | Di chuyển file modules/news/blocks/global.block_tophits.ini | SUCCESS
12:03:00_26-10-2025 | ::1 | Di chuyển file modules/news/blocks/module.block_headline.ini | SUCCESS
12:03:00_26-10-2025 | ::1 | Di chuyển file modules/news/blocks/module.block_news.ini | SUCCESS
12:03:00_26-10-2025 | ::1 | Di chuyển file modules/news/blocks/module.block_newscenter.ini | SUCCESS
12:03:00_26-10-2025 | ::1 | Di chuyển file modules/news/funcs/author.php | SUCCESS
12:03:00_26-10-2025 | ::1 | Di chuyển file modules/news/funcs/content.php | SUCCESS
12:03:00_26-10-2025 | ::1 | Di chuyển file modules/news/funcs/detail.php | SUCCESS
12:03:00_26-10-2025 | ::1 | Di chuyển file modules/news/funcs/groups.php | SUCCESS
12:03:00_26-10-2025 | ::1 | Di chuyển file modules/news/funcs/main.php | SUCCESS
12:03:00_26-10-2025 | ::1 | Di chuyển file modules/news/funcs/print.php | SUCCESS
12:03:00_26-10-2025 | ::1 | Di chuyển file modules/news/funcs/savefile.php | SUCCESS
12:03:00_26-10-2025 | ::1 | Di chuyển file modules/news/funcs/search.php | SUCCESS
12:03:00_26-10-2025 | ::1 | Di chuyển file modules/news/funcs/sendmail.php | SUCCESS
12:03:00_26-10-2025 | ::1 | Di chuyển file modules/news/funcs/tag.php | SUCCESS
12:03:00_26-10-2025 | ::1 | Di chuyển file modules/news/funcs/topic.php | SUCCESS
12:03:00_26-10-2025 | ::1 | Di chuyển file modules/news/funcs/viewcat.php | SUCCESS
12:03:00_26-10-2025 | ::1 | Di chuyển file modules/news/functions.php | SUCCESS
12:03:00_26-10-2025 | ::1 | Di chuyển file modules/news/global.functions.php | SUCCESS
12:03:00_26-10-2025 | ::1 | Di chuyển file modules/news/language/admin_en.php | SUCCESS
12:03:00_26-10-2025 | ::1 | Di chuyển file modules/news/language/admin_fr.php | SUCCESS
12:03:00_26-10-2025 | ::1 | Di chuyển file modules/news/language/admin_vi.php | SUCCESS
12:03:00_26-10-2025 | ::1 | Di chuyển file modules/news/language/data_en.php | SUCCESS
12:03:00_26-10-2025 | ::1 | Di chuyển file modules/news/language/data_fr.php | SUCCESS
12:03:00_26-10-2025 | ::1 | Di chuyển file modules/news/language/data_vi.php | SUCCESS
12:03:00_26-10-2025 | ::1 | Di chuyển file modules/news/language/en.php | SUCCESS
12:03:00_26-10-2025 | ::1 | Di chuyển file modules/news/language/fr.php | SUCCESS
12:03:00_26-10-2025 | ::1 | Di chuyển file modules/news/language/vi.php | SUCCESS
12:03:00_26-10-2025 | ::1 | Di chuyển file modules/news/rssdata.php | SUCCESS
12:03:00_26-10-2025 | ::1 | Di chuyển file modules/news/theme.php | SUCCESS
12:03:00_26-10-2025 | ::1 | Di chuyển file modules/news/version.php | SUCCESS
12:03:00_26-10-2025 | ::1 | Di chuyển file modules/page/action_mysql.php | SUCCESS
12:03:00_26-10-2025 | ::1 | Di chuyển file modules/page/admin/config.php | SUCCESS
12:03:00_26-10-2025 | ::1 | Di chuyển file modules/page/admin/content.php | SUCCESS
12:03:00_26-10-2025 | ::1 | Di chuyển file modules/page/blocks/global.html.ini | SUCCESS
12:03:00_26-10-2025 | ::1 | Di chuyển file modules/page/blocks/global.page_list.ini | SUCCESS
12:03:00_26-10-2025 | ::1 | Di chuyển file modules/page/funcs/main.php | SUCCESS
12:03:00_26-10-2025 | ::1 | Di chuyển file modules/page/language/data_fr.php | SUCCESS
12:03:00_26-10-2025 | ::1 | Di chuyển file modules/page/language/data_vi.php | SUCCESS
12:03:00_26-10-2025 | ::1 | Di chuyển file modules/page/version.php | SUCCESS
12:03:00_26-10-2025 | ::1 | Di chuyển file modules/seek/funcs/main.php | SUCCESS
12:03:00_26-10-2025 | ::1 | Di chuyển file modules/seek/functions.php | SUCCESS
12:03:00_26-10-2025 | ::1 | Di chuyển file modules/seek/version.php | SUCCESS
12:03:00_26-10-2025 | ::1 | Di chuyển file modules/statistics/admin/cleardata.php | SUCCESS
12:03:00_26-10-2025 | ::1 | Di chuyển file modules/statistics/funcs/allbots.php | SUCCESS
12:03:00_26-10-2025 | ::1 | Di chuyển file modules/statistics/funcs/allbrowsers.php | SUCCESS
12:03:00_26-10-2025 | ::1 | Di chuyển file modules/statistics/funcs/allcountries.php | SUCCESS
12:03:00_26-10-2025 | ::1 | Di chuyển file modules/statistics/funcs/allos.php | SUCCESS
12:03:00_26-10-2025 | ::1 | Di chuyển file modules/statistics/funcs/allreferers.php | SUCCESS
12:03:00_26-10-2025 | ::1 | Di chuyển file modules/statistics/funcs/main.php | SUCCESS
12:03:00_26-10-2025 | ::1 | Di chuyển file modules/statistics/funcs/referer.php | SUCCESS
12:03:00_26-10-2025 | ::1 | Di chuyển file modules/statistics/version.php | SUCCESS
12:03:00_26-10-2025 | ::1 | Di chuyển file modules/two-step-verification/funcs/confirm.php | SUCCESS
12:03:00_26-10-2025 | ::1 | Di chuyển file modules/two-step-verification/funcs/main.php | SUCCESS
12:03:00_26-10-2025 | ::1 | Di chuyển file modules/two-step-verification/funcs/setup.php | SUCCESS
12:03:00_26-10-2025 | ::1 | Di chuyển file modules/two-step-verification/functions.php | SUCCESS
12:03:00_26-10-2025 | ::1 | Di chuyển file modules/two-step-verification/version.php | SUCCESS
12:03:00_26-10-2025 | ::1 | Di chuyển file modules/users/action_mysql.php | SUCCESS
12:03:00_26-10-2025 | ::1 | Di chuyển file modules/users/admin/config.php | SUCCESS
12:03:00_26-10-2025 | ::1 | Di chuyển file modules/users/admin/config_facebook.php | SUCCESS
12:03:00_26-10-2025 | ::1 | Di chuyển file modules/users/admin/config_google.php | SUCCESS
12:03:00_26-10-2025 | ::1 | Di chuyển file modules/users/admin/config_single-sign-on.php | SUCCESS
12:03:00_26-10-2025 | ::1 | Di chuyển file modules/users/admin/edit.php | SUCCESS
12:03:00_26-10-2025 | ::1 | Di chuyển file modules/users/admin/edit_2step.php | SUCCESS
12:03:00_26-10-2025 | ::1 | Di chuyển file modules/users/admin/edit_oauth.php | SUCCESS
12:03:00_26-10-2025 | ::1 | Di chuyển file modules/users/admin/editcensor.php | SUCCESS
12:03:00_26-10-2025 | ::1 | Di chuyển file modules/users/admin/fields.php | SUCCESS
12:03:00_26-10-2025 | ::1 | Di chuyển file modules/users/admin/getuserid.php | SUCCESS
12:03:00_26-10-2025 | ::1 | Di chuyển file modules/users/admin/groups.php | SUCCESS
12:03:00_26-10-2025 | ::1 | Di chuyển file modules/users/admin/main.php | SUCCESS
12:03:00_26-10-2025 | ::1 | Di chuyển file modules/users/admin/user_add.php | SUCCESS
12:03:00_26-10-2025 | ::1 | Di chuyển file modules/users/admin/user_waiting.php | SUCCESS
12:03:00_26-10-2025 | ::1 | Di chuyển file modules/users/admin/user_waiting_remail.php | SUCCESS
12:03:00_26-10-2025 | ::1 | Di chuyển file modules/users/blocks/global.login.ini | SUCCESS
12:03:00_26-10-2025 | ::1 | Di chuyển file modules/users/blocks/global.login.php | SUCCESS
12:03:00_26-10-2025 | ::1 | Di chuyển file modules/users/funcs/active.php | SUCCESS
12:03:00_26-10-2025 | ::1 | Di chuyển file modules/users/funcs/avatar.php | SUCCESS
12:03:00_26-10-2025 | ::1 | Di chuyển file modules/users/funcs/editinfo.php | SUCCESS
12:03:00_26-10-2025 | ::1 | Di chuyển file modules/users/funcs/groups.php | SUCCESS
12:03:00_26-10-2025 | ::1 | Di chuyển file modules/users/funcs/login.php | SUCCESS
12:03:00_26-10-2025 | ::1 | Di chuyển file modules/users/funcs/logout.php | SUCCESS
12:03:00_26-10-2025 | ::1 | Di chuyển file modules/users/funcs/lostactivelink.php | SUCCESS
12:03:00_26-10-2025 | ::1 | Di chuyển file modules/users/funcs/lostpass.php | SUCCESS
12:03:00_26-10-2025 | ::1 | Di chuyển file modules/users/funcs/main.php | SUCCESS
12:03:00_26-10-2025 | ::1 | Di chuyển file modules/users/funcs/memberlist.php | SUCCESS
12:03:00_26-10-2025 | ::1 | Di chuyển file modules/users/funcs/register.php | SUCCESS
12:03:00_26-10-2025 | ::1 | Di chuyển file modules/users/functions.php | SUCCESS
12:03:00_26-10-2025 | ::1 | Di chuyển file modules/users/global.functions.php | SUCCESS
12:03:00_26-10-2025 | ::1 | Di chuyển file modules/users/language/admin_en.php | SUCCESS
12:03:00_26-10-2025 | ::1 | Di chuyển file modules/users/language/admin_fr.php | SUCCESS
12:03:00_26-10-2025 | ::1 | Di chuyển file modules/users/language/admin_vi.php | SUCCESS
12:03:00_26-10-2025 | ::1 | Di chuyển file modules/users/language/en.php | SUCCESS
12:03:00_26-10-2025 | ::1 | Di chuyển file modules/users/language/fr.php | SUCCESS
12:03:00_26-10-2025 | ::1 | Di chuyển file modules/users/language/vi.php | SUCCESS
12:03:00_26-10-2025 | ::1 | Di chuyển file modules/users/login/cas-single-sign-on.php | SUCCESS
12:03:00_26-10-2025 | ::1 | Di chuyển file modules/users/login/oauth-facebook.php | SUCCESS
12:03:00_26-10-2025 | ::1 | Di chuyển file modules/users/login/oauth-google.php | SUCCESS
12:03:00_26-10-2025 | ::1 | Di chuyển file modules/users/login/oauth-zalo.php | SUCCESS
12:03:00_26-10-2025 | ::1 | Di chuyển file modules/users/theme.php | SUCCESS
12:03:00_26-10-2025 | ::1 | Di chuyển file modules/users/version.php | SUCCESS
12:03:00_26-10-2025 | ::1 | Di chuyển file modules/voting/admin/content.php | SUCCESS
12:03:00_26-10-2025 | ::1 | Di chuyển file modules/voting/admin/setting.php | SUCCESS
12:03:00_26-10-2025 | ::1 | Di chuyển file modules/voting/blocks/global.voting.ini | SUCCESS
12:03:00_26-10-2025 | ::1 | Di chuyển file modules/voting/blocks/global.voting.php | SUCCESS
12:03:00_26-10-2025 | ::1 | Di chuyển file modules/voting/blocks/global.voting_random.php | SUCCESS
12:03:00_26-10-2025 | ::1 | Di chuyển file modules/voting/funcs/main.php | SUCCESS
12:03:00_26-10-2025 | ::1 | Di chuyển file modules/voting/language/admin_en.php | SUCCESS
12:03:00_26-10-2025 | ::1 | Di chuyển file modules/voting/language/admin_fr.php | SUCCESS
12:03:00_26-10-2025 | ::1 | Di chuyển file modules/voting/language/admin_vi.php | SUCCESS
12:03:00_26-10-2025 | ::1 | Di chuyển file modules/voting/version.php | SUCCESS
12:03:00_26-10-2025 | ::1 | Di chuyển file robots.php | SUCCESS
12:03:00_26-10-2025 | ::1 | Di chuyển file themes/admin_default/css/authors.css | SUCCESS
12:03:00_26-10-2025 | ::1 | Di chuyển file themes/admin_default/css/banners.css | SUCCESS
12:03:00_26-10-2025 | ::1 | Di chuyển file themes/admin_default/css/freecontent.css | SUCCESS
12:03:00_26-10-2025 | ::1 | Di chuyển file themes/admin_default/css/login.css | SUCCESS
12:03:00_26-10-2025 | ::1 | Di chuyển file themes/admin_default/css/news.css | SUCCESS
12:03:00_26-10-2025 | ::1 | Di chuyển file themes/admin_default/css/style.css | SUCCESS
12:03:00_26-10-2025 | ::1 | Di chuyển file themes/admin_default/css/upload.css | SUCCESS
12:03:00_26-10-2025 | ::1 | Di chuyển file themes/admin_default/js/banners.js | SUCCESS
12:03:00_26-10-2025 | ::1 | Di chuyển file themes/admin_default/js/freecontent.js | SUCCESS
12:03:00_26-10-2025 | ::1 | Di chuyển file themes/admin_default/js/main.js | SUCCESS
12:03:00_26-10-2025 | ::1 | Di chuyển file themes/admin_default/js/news.js | SUCCESS
12:03:00_26-10-2025 | ::1 | Di chuyển file themes/admin_default/js/news_content.js | SUCCESS
12:03:00_26-10-2025 | ::1 | Di chuyển file themes/admin_default/js/users.js | SUCCESS
12:03:00_26-10-2025 | ::1 | Di chuyển file themes/admin_default/modules/authors/2step.tpl | SUCCESS
12:03:00_26-10-2025 | ::1 | Di chuyển file themes/admin_default/modules/authors/api-credentials.tpl | SUCCESS
12:03:00_26-10-2025 | ::1 | Di chuyển file themes/admin_default/modules/authors/api-roles.tpl | SUCCESS
12:03:00_26-10-2025 | ::1 | Di chuyển file themes/admin_default/modules/banners/b_list.tpl | SUCCESS
12:03:00_26-10-2025 | ::1 | Di chuyển file themes/admin_default/modules/banners/info_plan.tpl | SUCCESS
12:03:00_26-10-2025 | ::1 | Di chuyển file themes/admin_default/modules/banners/main.tpl | SUCCESS
12:03:00_26-10-2025 | ::1 | Di chuyển file themes/admin_default/modules/comment/config.tpl | SUCCESS
12:03:00_26-10-2025 | ::1 | Di chuyển file themes/admin_default/modules/comment/edit.tpl | SUCCESS
12:03:00_26-10-2025 | ::1 | Di chuyển file themes/admin_default/modules/contact/config.tpl | SUCCESS
12:03:00_26-10-2025 | ::1 | Di chuyển file themes/admin_default/modules/contact/supporter-content.tpl | SUCCESS
12:03:00_26-10-2025 | ::1 | Di chuyển file themes/admin_default/modules/database/save.tpl | SUCCESS
12:03:00_26-10-2025 | ::1 | Di chuyển file themes/admin_default/modules/extensions/manage.tpl | SUCCESS
12:03:00_26-10-2025 | ::1 | Di chuyển file themes/admin_default/modules/freecontent/list.tpl | SUCCESS
12:03:00_26-10-2025 | ::1 | Di chuyển file themes/admin_default/modules/language/check.tpl | SUCCESS
12:03:00_26-10-2025 | ::1 | Di chuyển file themes/admin_default/modules/news/admin.tpl | SUCCESS
12:03:00_26-10-2025 | ::1 | Di chuyển file themes/admin_default/modules/news/blockcat_lists.tpl | SUCCESS
12:03:00_26-10-2025 | ::1 | Di chuyển file themes/admin_default/modules/news/cat.tpl | SUCCESS
12:03:00_26-10-2025 | ::1 | Di chuyển file themes/admin_default/modules/news/content.tpl | SUCCESS
12:03:00_26-10-2025 | ::1 | Di chuyển file themes/admin_default/modules/news/main.tpl | SUCCESS
12:03:00_26-10-2025 | ::1 | Di chuyển file themes/admin_default/modules/news/settings.tpl | SUCCESS
12:03:00_26-10-2025 | ::1 | Di chuyển file themes/admin_default/modules/news/sources_list.tpl | SUCCESS
12:03:00_26-10-2025 | ::1 | Di chuyển file themes/admin_default/modules/news/tags.tpl | SUCCESS
12:03:00_26-10-2025 | ::1 | Di chuyển file themes/admin_default/modules/news/topics_list.tpl | SUCCESS
12:03:00_26-10-2025 | ::1 | Di chuyển file themes/admin_default/modules/news/voices.tpl | SUCCESS
12:03:00_26-10-2025 | ::1 | Di chuyển file themes/admin_default/modules/page/config.tpl | SUCCESS
12:03:00_26-10-2025 | ::1 | Di chuyển file themes/admin_default/modules/seotools/metatags.tpl | SUCCESS
12:03:00_26-10-2025 | ::1 | Di chuyển file themes/admin_default/modules/settings/headers.tpl | SUCCESS
12:03:00_26-10-2025 | ::1 | Di chuyển file themes/admin_default/modules/settings/security.tpl | SUCCESS
12:03:00_26-10-2025 | ::1 | Di chuyển file themes/admin_default/modules/settings/system.tpl | SUCCESS
12:03:00_26-10-2025 | ::1 | Di chuyển file themes/admin_default/modules/settings/variables.tpl | SUCCESS
12:03:00_26-10-2025 | ::1 | Di chuyển file themes/admin_default/modules/statistics/cleardata.tpl | SUCCESS
12:03:00_26-10-2025 | ::1 | Di chuyển file themes/admin_default/modules/upload/config.tpl | SUCCESS
12:03:00_26-10-2025 | ::1 | Di chuyển file themes/admin_default/modules/upload/foldlist.tpl | SUCCESS
12:03:00_26-10-2025 | ::1 | Di chuyển file themes/admin_default/modules/upload/main.tpl | SUCCESS
12:03:00_26-10-2025 | ::1 | Di chuyển file themes/admin_default/modules/upload/thumbconfig.tpl | SUCCESS
12:03:00_26-10-2025 | ::1 | Di chuyển file themes/admin_default/modules/upload/uploadconfig.tpl | SUCCESS
12:03:00_26-10-2025 | ::1 | Di chuyển file themes/admin_default/modules/users/config.tpl | SUCCESS
12:03:00_26-10-2025 | ::1 | Di chuyển file themes/admin_default/modules/users/config_oauth.tpl | SUCCESS
12:03:00_26-10-2025 | ::1 | Di chuyển file themes/admin_default/modules/users/config_single-sign-on.tpl | SUCCESS
12:03:00_26-10-2025 | ::1 | Di chuyển file themes/admin_default/modules/users/fields.tpl | SUCCESS
12:03:00_26-10-2025 | ::1 | Di chuyển file themes/admin_default/modules/users/getuserid.tpl | SUCCESS
12:03:00_26-10-2025 | ::1 | Di chuyển file themes/admin_default/modules/users/groups.tpl | SUCCESS
12:03:00_26-10-2025 | ::1 | Di chuyển file themes/admin_default/modules/users/main.tpl | SUCCESS
12:03:00_26-10-2025 | ::1 | Di chuyển file themes/admin_default/modules/users/user_edit.tpl | SUCCESS
12:03:00_26-10-2025 | ::1 | Di chuyển file themes/admin_default/modules/users/user_oauth.tpl | SUCCESS
12:03:00_26-10-2025 | ::1 | Di chuyển file themes/admin_default/modules/voting/content.tpl | SUCCESS
12:03:00_26-10-2025 | ::1 | Di chuyển file themes/admin_default/modules/voting/setting.tpl | SUCCESS
12:03:00_26-10-2025 | ::1 | Di chuyển file themes/admin_default/modules/zalo/index.html | SUCCESS
12:03:00_26-10-2025 | ::1 | Di chuyển file themes/admin_default/modules/zalo/settings.tpl | SUCCESS
12:03:00_26-10-2025 | ::1 | Di chuyển file themes/admin_default/system/header.tpl | SUCCESS
12:03:00_26-10-2025 | ::1 | Di chuyển file themes/admin_default/system/login.tpl | SUCCESS
12:03:00_26-10-2025 | ::1 | Di chuyển file themes/admin_default/system/main.tpl | SUCCESS
12:03:00_26-10-2025 | ::1 | Di chuyển file themes/admin_default/theme.php | SUCCESS
12:03:00_26-10-2025 | ::1 | Di chuyển file themes/default/blocks/global.QR_code.php | SUCCESS
12:03:00_26-10-2025 | ::1 | Di chuyển file themes/default/blocks/global.QR_code.tpl | SUCCESS
12:03:00_26-10-2025 | ::1 | Di chuyển file themes/default/blocks/global.company_info.ini | SUCCESS
12:03:00_26-10-2025 | ::1 | Di chuyển file themes/default/blocks/global.copyright.ini | SUCCESS
12:03:00_26-10-2025 | ::1 | Di chuyển file themes/default/blocks/global.copyright.tpl | SUCCESS
12:03:00_26-10-2025 | ::1 | Di chuyển file themes/default/blocks/global.menu_footer.ini | SUCCESS
12:03:00_26-10-2025 | ::1 | Di chuyển file themes/default/blocks/global.social.ini | SUCCESS
12:03:00_26-10-2025 | ::1 | Di chuyển file themes/default/config.ini | SUCCESS
12:03:00_26-10-2025 | ::1 | Di chuyển file themes/default/config.php | SUCCESS
12:03:00_26-10-2025 | ::1 | Di chuyển file themes/default/css/news.css | SUCCESS
12:03:00_26-10-2025 | ::1 | Di chuyển file themes/default/css/style.css | SUCCESS
12:03:00_26-10-2025 | ::1 | Di chuyển file themes/default/css/users.css | SUCCESS
12:03:00_26-10-2025 | ::1 | Di chuyển file themes/default/images/users/zalo.png | SUCCESS
12:03:00_26-10-2025 | ::1 | Di chuyển file themes/default/js/comment.js | SUCCESS
12:03:00_26-10-2025 | ::1 | Di chuyển file themes/default/js/main.js | SUCCESS
12:03:00_26-10-2025 | ::1 | Di chuyển file themes/default/js/news.js | SUCCESS
12:03:00_26-10-2025 | ::1 | Di chuyển file themes/default/js/users.js | SUCCESS
12:03:00_26-10-2025 | ::1 | Di chuyển file themes/default/modules/comment/main.tpl | SUCCESS
12:03:00_26-10-2025 | ::1 | Di chuyển file themes/default/modules/menu/global.bootstrap.tpl | SUCCESS
12:03:00_26-10-2025 | ::1 | Di chuyển file themes/default/modules/news/content.tpl | SUCCESS
12:03:00_26-10-2025 | ::1 | Di chuyển file themes/default/modules/news/detail.tpl | SUCCESS
12:03:00_26-10-2025 | ::1 | Di chuyển file themes/default/modules/page/main.tpl | SUCCESS
12:03:00_26-10-2025 | ::1 | Di chuyển file themes/default/modules/statistics/main.tpl | SUCCESS
12:03:00_26-10-2025 | ::1 | Di chuyển file themes/default/modules/users/info.tpl | SUCCESS
12:03:00_26-10-2025 | ::1 | Di chuyển file themes/default/modules/users/lostpass_form.tpl | SUCCESS
12:03:00_26-10-2025 | ::1 | Di chuyển file themes/default/modules/users/openid_callback.tpl | SUCCESS
12:03:00_26-10-2025 | ::1 | Di chuyển file themes/default/modules/users/openid_login.tpl | SUCCESS
12:03:00_26-10-2025 | ::1 | Di chuyển file themes/default/system/config.tpl | SUCCESS
12:03:00_26-10-2025 | ::1 | Di chuyển file themes/default/theme.php | SUCCESS
12:03:00_26-10-2025 | ::1 | Di chuyển file themes/mobile_default/blocks/global.QR_code.php | SUCCESS
12:03:00_26-10-2025 | ::1 | Di chuyển file themes/mobile_default/blocks/global.QR_code.tpl | SUCCESS
12:03:00_26-10-2025 | ::1 | Di chuyển file themes/mobile_default/blocks/global.company_info.ini | SUCCESS
12:03:00_26-10-2025 | ::1 | Di chuyển file themes/mobile_default/blocks/global.copyright.ini | SUCCESS
12:03:00_26-10-2025 | ::1 | Di chuyển file themes/mobile_default/blocks/global.copyright.tpl | SUCCESS
12:03:00_26-10-2025 | ::1 | Di chuyển file themes/mobile_default/blocks/global.menu_footer.ini | SUCCESS
12:03:00_26-10-2025 | ::1 | Di chuyển file themes/mobile_default/blocks/global.social.ini | SUCCESS
12:03:00_26-10-2025 | ::1 | Di chuyển file themes/mobile_default/config.ini | SUCCESS
12:03:00_26-10-2025 | ::1 | Di chuyển file themes/mobile_default/config.php | SUCCESS
12:03:00_26-10-2025 | ::1 | Di chuyển file themes/mobile_default/css/news.css | SUCCESS
12:03:00_26-10-2025 | ::1 | Di chuyển file themes/mobile_default/css/style.css | SUCCESS
12:03:00_26-10-2025 | ::1 | Di chuyển file themes/mobile_default/css/users.css | SUCCESS
12:03:00_26-10-2025 | ::1 | Di chuyển file themes/mobile_default/images/news/new.gif | SUCCESS
12:03:00_26-10-2025 | ::1 | Di chuyển file themes/mobile_default/images/users/zalo.png | SUCCESS
12:03:00_26-10-2025 | ::1 | Di chuyển file themes/mobile_default/js/main.js | SUCCESS
12:03:00_26-10-2025 | ::1 | Di chuyển file themes/mobile_default/layout/header_extended.tpl | SUCCESS
12:03:00_26-10-2025 | ::1 | Di chuyển file themes/mobile_default/modules/comment/main.tpl | SUCCESS
12:03:00_26-10-2025 | ::1 | Di chuyển file themes/mobile_default/modules/news/detail.tpl | SUCCESS
12:03:00_26-10-2025 | ::1 | Di chuyển file themes/mobile_default/modules/news/theme.php | SUCCESS
12:03:00_26-10-2025 | ::1 | Di chuyển file themes/mobile_default/modules/users/info.tpl | SUCCESS
12:03:00_26-10-2025 | ::1 | Di chuyển file themes/mobile_default/modules/users/lostpass_form.tpl | SUCCESS
12:03:00_26-10-2025 | ::1 | Di chuyển file themes/mobile_default/modules/users/openid_callback.tpl | SUCCESS
12:03:00_26-10-2025 | ::1 | Di chuyển file themes/mobile_default/modules/users/openid_login.tpl | SUCCESS
12:03:00_26-10-2025 | ::1 | Di chuyển file themes/mobile_default/system/config.tpl | SUCCESS
12:03:00_26-10-2025 | ::1 | Di chuyển file themes/mobile_default/theme.php | SUCCESS
12:03:00_26-10-2025 | ::1 | Di chuyển file vendor/autoload.php | SUCCESS
12:03:00_26-10-2025 | ::1 | Di chuyển file vendor/composer/ClassLoader.php | SUCCESS
12:03:00_26-10-2025 | ::1 | Di chuyển file vendor/composer/InstalledVersions.php | SUCCESS
12:03:00_26-10-2025 | ::1 | Di chuyển file vendor/composer/autoload_files.php | SUCCESS
12:03:00_26-10-2025 | ::1 | Di chuyển file vendor/composer/autoload_namespaces.php | SUCCESS
12:03:00_26-10-2025 | ::1 | Di chuyển file vendor/composer/autoload_psr4.php | SUCCESS
12:03:00_26-10-2025 | ::1 | Di chuyển file vendor/composer/autoload_real.php | SUCCESS
12:03:00_26-10-2025 | ::1 | Di chuyển file vendor/composer/autoload_static.php | SUCCESS
12:03:00_26-10-2025 | ::1 | Di chuyển file vendor/composer/installed.json | SUCCESS
12:03:00_26-10-2025 | ::1 | Di chuyển file vendor/composer/installed.php | SUCCESS
12:03:00_26-10-2025 | ::1 | Di chuyển file vendor/composer/platform_check.php | SUCCESS
12:03:00_26-10-2025 | ::1 | Di chuyển file vendor/guzzlehttp/psr7/LICENSE | SUCCESS
12:03:00_26-10-2025 | ::1 | Di chuyển file vendor/guzzlehttp/psr7/src/AppendStream.php | SUCCESS
12:03:00_26-10-2025 | ::1 | Di chuyển file vendor/guzzlehttp/psr7/src/BufferStream.php | SUCCESS
12:03:00_26-10-2025 | ::1 | Di chuyển file vendor/guzzlehttp/psr7/src/CachingStream.php | SUCCESS
12:03:00_26-10-2025 | ::1 | Di chuyển file vendor/guzzlehttp/psr7/src/DroppingStream.php | SUCCESS
12:03:00_26-10-2025 | ::1 | Di chuyển file vendor/guzzlehttp/psr7/src/FnStream.php | SUCCESS
12:03:00_26-10-2025 | ::1 | Di chuyển file vendor/guzzlehttp/psr7/src/Header.php | SUCCESS
12:03:00_26-10-2025 | ::1 | Di chuyển file vendor/guzzlehttp/psr7/src/InflateStream.php | SUCCESS
12:03:00_26-10-2025 | ::1 | Di chuyển file vendor/guzzlehttp/psr7/src/LazyOpenStream.php | SUCCESS
12:03:00_26-10-2025 | ::1 | Di chuyển file vendor/guzzlehttp/psr7/src/LimitStream.php | SUCCESS
12:03:00_26-10-2025 | ::1 | Di chuyển file vendor/guzzlehttp/psr7/src/Message.php | SUCCESS
12:03:00_26-10-2025 | ::1 | Di chuyển file vendor/guzzlehttp/psr7/src/MessageTrait.php | SUCCESS
12:03:00_26-10-2025 | ::1 | Di chuyển file vendor/guzzlehttp/psr7/src/MimeType.php | SUCCESS
12:03:00_26-10-2025 | ::1 | Di chuyển file vendor/guzzlehttp/psr7/src/MultipartStream.php | SUCCESS
12:03:00_26-10-2025 | ::1 | Di chuyển file vendor/guzzlehttp/psr7/src/NoSeekStream.php | SUCCESS
12:03:00_26-10-2025 | ::1 | Di chuyển file vendor/guzzlehttp/psr7/src/PumpStream.php | SUCCESS
12:03:00_26-10-2025 | ::1 | Di chuyển file vendor/guzzlehttp/psr7/src/Query.php | SUCCESS
12:03:00_26-10-2025 | ::1 | Di chuyển file vendor/guzzlehttp/psr7/src/Request.php | SUCCESS
12:03:00_26-10-2025 | ::1 | Di chuyển file vendor/guzzlehttp/psr7/src/Response.php | SUCCESS
12:03:00_26-10-2025 | ::1 | Di chuyển file vendor/guzzlehttp/psr7/src/Rfc7230.php | SUCCESS
12:03:00_26-10-2025 | ::1 | Di chuyển file vendor/guzzlehttp/psr7/src/ServerRequest.php | SUCCESS
12:03:00_26-10-2025 | ::1 | Di chuyển file vendor/guzzlehttp/psr7/src/Stream.php | SUCCESS
12:03:00_26-10-2025 | ::1 | Di chuyển file vendor/guzzlehttp/psr7/src/StreamDecoratorTrait.php | SUCCESS
12:03:00_26-10-2025 | ::1 | Di chuyển file vendor/guzzlehttp/psr7/src/StreamWrapper.php | SUCCESS
12:03:00_26-10-2025 | ::1 | Di chuyển file vendor/guzzlehttp/psr7/src/UploadedFile.php | SUCCESS
12:03:00_26-10-2025 | ::1 | Di chuyển file vendor/guzzlehttp/psr7/src/Uri.php | SUCCESS
12:03:00_26-10-2025 | ::1 | Di chuyển file vendor/guzzlehttp/psr7/src/UriComparator.php | SUCCESS
12:03:00_26-10-2025 | ::1 | Di chuyển file vendor/guzzlehttp/psr7/src/UriNormalizer.php | SUCCESS
12:03:00_26-10-2025 | ::1 | Di chuyển file vendor/guzzlehttp/psr7/src/UriResolver.php | SUCCESS
12:03:00_26-10-2025 | ::1 | Di chuyển file vendor/guzzlehttp/psr7/src/Utils.php | SUCCESS
12:03:00_26-10-2025 | ::1 | Di chuyển file vendor/guzzlehttp/psr7/src/functions.php | SUCCESS
12:03:00_26-10-2025 | ::1 | Di chuyển file vendor/guzzlehttp/psr7/src/functions_include.php | SUCCESS
12:03:00_26-10-2025 | ::1 | Di chuyển file vendor/kriswallsmith/buzz/lib/Buzz/Browser.php | SUCCESS
12:03:00_26-10-2025 | ::1 | Di chuyển file vendor/kriswallsmith/buzz/lib/Buzz/Client/AbstractCurl.php | SUCCESS
12:03:00_26-10-2025 | ::1 | Di chuyển file vendor/kriswallsmith/buzz/lib/Buzz/Client/AbstractStream.php | SUCCESS
12:03:00_26-10-2025 | ::1 | Di chuyển file vendor/kriswallsmith/buzz/lib/Buzz/Client/Curl.php | SUCCESS
12:03:00_26-10-2025 | ::1 | Di chuyển file vendor/kriswallsmith/buzz/lib/Buzz/Client/FileGetContents.php | SUCCESS
12:03:00_26-10-2025 | ::1 | Di chuyển file vendor/kriswallsmith/buzz/lib/Buzz/Client/MultiCurl.php | SUCCESS
12:03:00_26-10-2025 | ::1 | Di chuyển file vendor/kriswallsmith/buzz/lib/Buzz/Converter/HeaderConverter.php | SUCCESS
12:03:00_26-10-2025 | ::1 | Di chuyển file vendor/kriswallsmith/buzz/lib/Buzz/Converter/RequestConverter.php | SUCCESS
12:03:00_26-10-2025 | ::1 | Di chuyển file vendor/kriswallsmith/buzz/lib/Buzz/Converter/ResponseConverter.php | SUCCESS
12:03:00_26-10-2025 | ::1 | Di chuyển file vendor/kriswallsmith/buzz/lib/Buzz/Exception/RequestException.php | SUCCESS
12:03:00_26-10-2025 | ::1 | Di chuyển file vendor/kriswallsmith/buzz/lib/Buzz/Listener/BearerAuthListener.php | SUCCESS
12:03:00_26-10-2025 | ::1 | Di chuyển file vendor/kriswallsmith/buzz/lib/Buzz/Listener/ListenerChain.php | SUCCESS
12:03:00_26-10-2025 | ::1 | Di chuyển file vendor/kriswallsmith/buzz/lib/Buzz/Message/Form/FormUpload.php | SUCCESS
12:03:00_26-10-2025 | ::1 | Di chuyển file vendor/kriswallsmith/buzz/lib/Buzz/Message/FormRequestBuilder.php | SUCCESS
12:03:00_26-10-2025 | ::1 | Di chuyển file vendor/kriswallsmith/buzz/lib/Buzz/Message/RequestInterface.php | SUCCESS
12:03:00_26-10-2025 | ::1 | Di chuyển file vendor/kriswallsmith/buzz/lib/Buzz/Message/Response.php | SUCCESS
12:03:00_26-10-2025 | ::1 | Di chuyển file vendor/kriswallsmith/buzz/lib/Buzz/Middleware/BasicAuthMiddleware.php | SUCCESS
12:03:00_26-10-2025 | ::1 | Di chuyển file vendor/kriswallsmith/buzz/lib/Buzz/Middleware/BearerAuthMiddleware.php | SUCCESS
12:03:00_26-10-2025 | ::1 | Di chuyển file vendor/kriswallsmith/buzz/lib/Buzz/Middleware/ContentLengthMiddleware.php | SUCCESS
12:03:00_26-10-2025 | ::1 | Di chuyển file vendor/kriswallsmith/buzz/lib/Buzz/Middleware/LoggerMiddleware.php | SUCCESS
12:03:00_26-10-2025 | ::1 | Di chuyển file vendor/kriswallsmith/buzz/lib/Buzz/Middleware/MiddlewareInterface.php | SUCCESS
12:03:00_26-10-2025 | ::1 | Di chuyển file vendor/kriswallsmith/buzz/lib/Buzz/Util/Cookie.php | SUCCESS
12:03:00_26-10-2025 | ::1 | Di chuyển file vendor/kriswallsmith/buzz/lib/Buzz/Util/CookieJar.php | SUCCESS
12:03:00_26-10-2025 | ::1 | Di chuyển file vendor/phpmailer/phpmailer/VERSION | SUCCESS
12:03:00_26-10-2025 | ::1 | Di chuyển file vendor/phpmailer/phpmailer/language/phpmailer.lang-fr.php | SUCCESS
12:03:00_26-10-2025 | ::1 | Di chuyển file vendor/phpmailer/phpmailer/language/phpmailer.lang-ru.php | SUCCESS
12:03:00_26-10-2025 | ::1 | Di chuyển file vendor/phpmailer/phpmailer/language/phpmailer.lang-zh.php | SUCCESS
12:03:00_26-10-2025 | ::1 | Di chuyển file vendor/phpmailer/phpmailer/src/DSNConfigurator.php | SUCCESS
12:03:00_26-10-2025 | ::1 | Di chuyển file vendor/phpmailer/phpmailer/src/Exception.php | SUCCESS
12:03:00_26-10-2025 | ::1 | Di chuyển file vendor/phpmailer/phpmailer/src/OAuth.php | SUCCESS
12:03:00_26-10-2025 | ::1 | Di chuyển file vendor/phpmailer/phpmailer/src/OAuthTokenProvider.php | SUCCESS
12:03:00_26-10-2025 | ::1 | Di chuyển file vendor/phpmailer/phpmailer/src/PHPMailer.php | SUCCESS
12:03:00_26-10-2025 | ::1 | Di chuyển file vendor/phpmailer/phpmailer/src/POP3.php | SUCCESS
12:03:00_26-10-2025 | ::1 | Di chuyển file vendor/phpmailer/phpmailer/src/SMTP.php | SUCCESS
12:03:00_26-10-2025 | ::1 | Di chuyển file vendor/psr/http-message/LICENSE | SUCCESS
12:03:00_26-10-2025 | ::1 | Di chuyển file vendor/psr/http-message/src/MessageInterface.php | SUCCESS
12:03:00_26-10-2025 | ::1 | Di chuyển file vendor/psr/http-message/src/RequestInterface.php | SUCCESS
12:03:00_26-10-2025 | ::1 | Di chuyển file vendor/psr/http-message/src/ResponseInterface.php | SUCCESS
12:03:00_26-10-2025 | ::1 | Di chuyển file vendor/psr/http-message/src/ServerRequestInterface.php | SUCCESS
12:03:00_26-10-2025 | ::1 | Di chuyển file vendor/psr/http-message/src/StreamInterface.php | SUCCESS
12:03:00_26-10-2025 | ::1 | Di chuyển file vendor/psr/http-message/src/UploadedFileInterface.php | SUCCESS
12:03:00_26-10-2025 | ::1 | Di chuyển file vendor/psr/http-message/src/UriInterface.php | SUCCESS
12:03:00_26-10-2025 | ::1 | Di chuyển file vendor/ralouphie/getallheaders/LICENSE | SUCCESS
12:03:00_26-10-2025 | ::1 | Di chuyển file vendor/ralouphie/getallheaders/src/getallheaders.php | SUCCESS
12:03:00_26-10-2025 | ::1 | Di chuyển file vendor/symfony/polyfill-mbstring/Mbstring.php | SUCCESS
12:03:00_26-10-2025 | ::1 | Di chuyển file vendor/symfony/polyfill-mbstring/Resources/unidata/lowerCase.php | SUCCESS
12:03:00_26-10-2025 | ::1 | Di chuyển file vendor/symfony/polyfill-mbstring/Resources/unidata/upperCase.php | SUCCESS
12:03:00_26-10-2025 | ::1 | Di chuyển file vendor/symfony/polyfill-mbstring/bootstrap.php | SUCCESS
12:03:00_26-10-2025 | ::1 | Di chuyển file vendor/tecnickcom/tc-lib-barcode/LICENSE | SUCCESS
12:03:00_26-10-2025 | ::1 | Di chuyển file vendor/tecnickcom/tc-lib-barcode/VERSION | SUCCESS
12:03:00_26-10-2025 | ::1 | Di chuyển file vendor/tecnickcom/tc-lib-barcode/src/Barcode.php | SUCCESS
12:03:00_26-10-2025 | ::1 | Di chuyển file vendor/tecnickcom/tc-lib-barcode/src/Exception.php | SUCCESS
12:03:00_26-10-2025 | ::1 | Di chuyển file vendor/tecnickcom/tc-lib-barcode/src/Type/Convert.php | SUCCESS
12:03:00_26-10-2025 | ::1 | Di chuyển file vendor/tecnickcom/tc-lib-barcode/src/Type/Linear/Codabar.php | SUCCESS
12:03:00_26-10-2025 | ::1 | Di chuyển file vendor/tecnickcom/tc-lib-barcode/src/Type/Linear/CodeNineThree.php | SUCCESS
12:03:00_26-10-2025 | ::1 | Di chuyển file vendor/tecnickcom/tc-lib-barcode/src/Type/Linear/CodeOneOne.php | SUCCESS
12:03:00_26-10-2025 | ::1 | Di chuyển file vendor/tecnickcom/tc-lib-barcode/src/Type/Linear/CodeOneTwoEight/A.php | SUCCESS
12:03:00_26-10-2025 | ::1 | Di chuyển file vendor/tecnickcom/tc-lib-barcode/src/Type/Linear/CodeOneTwoEight/B.php | SUCCESS
12:03:00_26-10-2025 | ::1 | Di chuyển file vendor/tecnickcom/tc-lib-barcode/src/Type/Linear/CodeOneTwoEight/C.php | SUCCESS
12:03:00_26-10-2025 | ::1 | Di chuyển file vendor/tecnickcom/tc-lib-barcode/src/Type/Linear/CodeOneTwoEight/Process.php | SUCCESS
12:03:00_26-10-2025 | ::1 | Di chuyển file vendor/tecnickcom/tc-lib-barcode/src/Type/Linear/CodeOneTwoEight.php | SUCCESS
12:03:00_26-10-2025 | ::1 | Di chuyển file vendor/tecnickcom/tc-lib-barcode/src/Type/Linear/CodeThreeNine.php | SUCCESS
12:03:00_26-10-2025 | ::1 | Di chuyển file vendor/tecnickcom/tc-lib-barcode/src/Type/Linear/CodeThreeNineCheck.php | SUCCESS
12:03:00_26-10-2025 | ::1 | Di chuyển file vendor/tecnickcom/tc-lib-barcode/src/Type/Linear/CodeThreeNineExt.php | SUCCESS
12:03:00_26-10-2025 | ::1 | Di chuyển file vendor/tecnickcom/tc-lib-barcode/src/Type/Linear/CodeThreeNineExtCheck.php | SUCCESS
12:03:00_26-10-2025 | ::1 | Di chuyển file vendor/tecnickcom/tc-lib-barcode/src/Type/Linear/EanEight.php | SUCCESS
12:03:00_26-10-2025 | ::1 | Di chuyển file vendor/tecnickcom/tc-lib-barcode/src/Type/Linear/EanFive.php | SUCCESS
12:03:00_26-10-2025 | ::1 | Di chuyển file vendor/tecnickcom/tc-lib-barcode/src/Type/Linear/EanOneThree.php | SUCCESS
12:03:00_26-10-2025 | ::1 | Di chuyển file vendor/tecnickcom/tc-lib-barcode/src/Type/Linear/EanTwo.php | SUCCESS
12:03:00_26-10-2025 | ::1 | Di chuyển file vendor/tecnickcom/tc-lib-barcode/src/Type/Linear/Imb.php | SUCCESS
12:03:00_26-10-2025 | ::1 | Di chuyển file vendor/tecnickcom/tc-lib-barcode/src/Type/Linear/ImbPre.php | SUCCESS
12:03:00_26-10-2025 | ::1 | Di chuyển file vendor/tecnickcom/tc-lib-barcode/src/Type/Linear/InterleavedTwoOfFive.php | SUCCESS
12:03:00_26-10-2025 | ::1 | Di chuyển file vendor/tecnickcom/tc-lib-barcode/src/Type/Linear/InterleavedTwoOfFiveCheck.php | SUCCESS
12:03:00_26-10-2025 | ::1 | Di chuyển file vendor/tecnickcom/tc-lib-barcode/src/Type/Linear/KlantIndex.php | SUCCESS
12:03:00_26-10-2025 | ::1 | Di chuyển file vendor/tecnickcom/tc-lib-barcode/src/Type/Linear/Msi.php | SUCCESS
12:03:00_26-10-2025 | ::1 | Di chuyển file vendor/tecnickcom/tc-lib-barcode/src/Type/Linear/MsiCheck.php | SUCCESS
12:03:00_26-10-2025 | ::1 | Di chuyển file vendor/tecnickcom/tc-lib-barcode/src/Type/Linear/Pharma.php | SUCCESS
12:03:00_26-10-2025 | ::1 | Di chuyển file vendor/tecnickcom/tc-lib-barcode/src/Type/Linear/PharmaTwoTracks.php | SUCCESS
12:03:00_26-10-2025 | ::1 | Di chuyển file vendor/tecnickcom/tc-lib-barcode/src/Type/Linear/Planet.php | SUCCESS
12:03:00_26-10-2025 | ::1 | Di chuyển file vendor/tecnickcom/tc-lib-barcode/src/Type/Linear/Postnet.php | SUCCESS
12:03:00_26-10-2025 | ::1 | Di chuyển file vendor/tecnickcom/tc-lib-barcode/src/Type/Linear/Raw.php | SUCCESS
12:03:00_26-10-2025 | ::1 | Di chuyển file vendor/tecnickcom/tc-lib-barcode/src/Type/Linear/RoyalMailFourCc.php | SUCCESS
12:03:00_26-10-2025 | ::1 | Di chuyển file vendor/tecnickcom/tc-lib-barcode/src/Type/Linear/StandardTwoOfFive.php | SUCCESS
12:03:00_26-10-2025 | ::1 | Di chuyển file vendor/tecnickcom/tc-lib-barcode/src/Type/Linear/StandardTwoOfFiveCheck.php | SUCCESS
12:03:00_26-10-2025 | ::1 | Di chuyển file vendor/tecnickcom/tc-lib-barcode/src/Type/Linear/UpcA.php | SUCCESS
12:03:00_26-10-2025 | ::1 | Di chuyển file vendor/tecnickcom/tc-lib-barcode/src/Type/Linear/UpcE.php | SUCCESS
12:03:00_26-10-2025 | ::1 | Di chuyển file vendor/tecnickcom/tc-lib-barcode/src/Type/Linear.php | SUCCESS
12:03:00_26-10-2025 | ::1 | Di chuyển file vendor/tecnickcom/tc-lib-barcode/src/Type/Raw.php | SUCCESS
12:03:00_26-10-2025 | ::1 | Di chuyển file vendor/tecnickcom/tc-lib-barcode/src/Type/Square/Datamatrix/Data.php | SUCCESS
12:03:00_26-10-2025 | ::1 | Di chuyển file vendor/tecnickcom/tc-lib-barcode/src/Type/Square/Datamatrix/Encode.php | SUCCESS
12:03:00_26-10-2025 | ::1 | Di chuyển file vendor/tecnickcom/tc-lib-barcode/src/Type/Square/Datamatrix/EncodeTxt.php | SUCCESS
12:03:00_26-10-2025 | ::1 | Di chuyển file vendor/tecnickcom/tc-lib-barcode/src/Type/Square/Datamatrix/ErrorCorrection.php | SUCCESS
12:03:00_26-10-2025 | ::1 | Di chuyển file vendor/tecnickcom/tc-lib-barcode/src/Type/Square/Datamatrix/Modes.php | SUCCESS
12:03:00_26-10-2025 | ::1 | Di chuyển file vendor/tecnickcom/tc-lib-barcode/src/Type/Square/Datamatrix/Placement.php | SUCCESS
12:03:00_26-10-2025 | ::1 | Di chuyển file vendor/tecnickcom/tc-lib-barcode/src/Type/Square/Datamatrix/Steps.php | SUCCESS
12:03:00_26-10-2025 | ::1 | Di chuyển file vendor/tecnickcom/tc-lib-barcode/src/Type/Square/Datamatrix.php | SUCCESS
12:03:00_26-10-2025 | ::1 | Di chuyển file vendor/tecnickcom/tc-lib-barcode/src/Type/Square/PdfFourOneSeven/Compaction.php | SUCCESS
12:03:00_26-10-2025 | ::1 | Di chuyển file vendor/tecnickcom/tc-lib-barcode/src/Type/Square/PdfFourOneSeven/Data.php | SUCCESS
12:03:00_26-10-2025 | ::1 | Di chuyển file vendor/tecnickcom/tc-lib-barcode/src/Type/Square/PdfFourOneSeven/Sequence.php | SUCCESS
12:03:00_26-10-2025 | ::1 | Di chuyển file vendor/tecnickcom/tc-lib-barcode/src/Type/Square/PdfFourOneSeven.php | SUCCESS
12:03:00_26-10-2025 | ::1 | Di chuyển file vendor/tecnickcom/tc-lib-barcode/src/Type/Square/QrCode/ByteStream.php | SUCCESS
12:03:00_26-10-2025 | ::1 | Di chuyển file vendor/tecnickcom/tc-lib-barcode/src/Type/Square/QrCode/Data.php | SUCCESS
12:03:00_26-10-2025 | ::1 | Di chuyển file vendor/tecnickcom/tc-lib-barcode/src/Type/Square/QrCode/Encode.php | SUCCESS
12:03:00_26-10-2025 | ::1 | Di chuyển file vendor/tecnickcom/tc-lib-barcode/src/Type/Square/QrCode/Encoder.php | SUCCESS
12:03:00_26-10-2025 | ::1 | Di chuyển file vendor/tecnickcom/tc-lib-barcode/src/Type/Square/QrCode/EncodingMode.php | SUCCESS
12:03:00_26-10-2025 | ::1 | Di chuyển file vendor/tecnickcom/tc-lib-barcode/src/Type/Square/QrCode/Estimate.php | SUCCESS
12:03:00_26-10-2025 | ::1 | Di chuyển file vendor/tecnickcom/tc-lib-barcode/src/Type/Square/QrCode/Init.php | SUCCESS
12:03:00_26-10-2025 | ::1 | Di chuyển file vendor/tecnickcom/tc-lib-barcode/src/Type/Square/QrCode/InputItem.php | SUCCESS
12:03:00_26-10-2025 | ::1 | Di chuyển file vendor/tecnickcom/tc-lib-barcode/src/Type/Square/QrCode/Mask.php | SUCCESS
12:03:00_26-10-2025 | ::1 | Di chuyển file vendor/tecnickcom/tc-lib-barcode/src/Type/Square/QrCode/MaskNum.php | SUCCESS
12:03:00_26-10-2025 | ::1 | Di chuyển file vendor/tecnickcom/tc-lib-barcode/src/Type/Square/QrCode/Spec.php | SUCCESS
12:03:00_26-10-2025 | ::1 | Di chuyển file vendor/tecnickcom/tc-lib-barcode/src/Type/Square/QrCode/SpecRs.php | SUCCESS
12:03:00_26-10-2025 | ::1 | Di chuyển file vendor/tecnickcom/tc-lib-barcode/src/Type/Square/QrCode/Split.php | SUCCESS
12:03:00_26-10-2025 | ::1 | Di chuyển file vendor/tecnickcom/tc-lib-barcode/src/Type/Square/QrCode.php | SUCCESS
12:03:00_26-10-2025 | ::1 | Di chuyển file vendor/tecnickcom/tc-lib-barcode/src/Type/Square/Raw.php | SUCCESS
12:03:00_26-10-2025 | ::1 | Di chuyển file vendor/tecnickcom/tc-lib-barcode/src/Type/Square.php | SUCCESS
12:03:00_26-10-2025 | ::1 | Di chuyển file vendor/tecnickcom/tc-lib-barcode/src/Type.php | SUCCESS
12:03:00_26-10-2025 | ::1 | Di chuyển file vendor/tecnickcom/tc-lib-color/LICENSE | SUCCESS
12:03:00_26-10-2025 | ::1 | Di chuyển file vendor/tecnickcom/tc-lib-color/VERSION | SUCCESS
12:03:00_26-10-2025 | ::1 | Di chuyển file vendor/tecnickcom/tc-lib-color/src/Css.php | SUCCESS
12:03:00_26-10-2025 | ::1 | Di chuyển file vendor/tecnickcom/tc-lib-color/src/Exception.php | SUCCESS
12:03:00_26-10-2025 | ::1 | Di chuyển file vendor/tecnickcom/tc-lib-color/src/Model/Cmyk.php | SUCCESS
12:03:00_26-10-2025 | ::1 | Di chuyển file vendor/tecnickcom/tc-lib-color/src/Model/Gray.php | SUCCESS
12:03:00_26-10-2025 | ::1 | Di chuyển file vendor/tecnickcom/tc-lib-color/src/Model/Hsl.php | SUCCESS
12:03:00_26-10-2025 | ::1 | Di chuyển file vendor/tecnickcom/tc-lib-color/src/Model/Rgb.php | SUCCESS
12:03:00_26-10-2025 | ::1 | Di chuyển file vendor/tecnickcom/tc-lib-color/src/Model/Template.php | SUCCESS
12:03:00_26-10-2025 | ::1 | Di chuyển file vendor/tecnickcom/tc-lib-color/src/Model.php | SUCCESS
12:03:00_26-10-2025 | ::1 | Di chuyển file vendor/tecnickcom/tc-lib-color/src/Pdf.php | SUCCESS
12:03:00_26-10-2025 | ::1 | Di chuyển file vendor/tecnickcom/tc-lib-color/src/Spot.php | SUCCESS
12:03:00_26-10-2025 | ::1 | Di chuyển file vendor/tecnickcom/tc-lib-color/src/Web.php | SUCCESS
12:03:00_26-10-2025 | ::1 | Di chuyển file vendor/vinades/nukeviet/Api/Api.php | SUCCESS
12:03:00_26-10-2025 | ::1 | Di chuyển file vendor/vinades/nukeviet/Api/ApiResult.php | SUCCESS
12:03:00_26-10-2025 | ::1 | Di chuyển file vendor/vinades/nukeviet/Api/DoApi.php | SUCCESS
12:03:00_26-10-2025 | ::1 | Di chuyển file vendor/vinades/nukeviet/Cache/Files.php | SUCCESS
12:03:00_26-10-2025 | ::1 | Di chuyển file vendor/vinades/nukeviet/Cache/Memcached.php | SUCCESS
12:03:00_26-10-2025 | ::1 | Di chuyển file vendor/vinades/nukeviet/Cache/Redis.php | SUCCESS
12:03:00_26-10-2025 | ::1 | Di chuyển file vendor/vinades/nukeviet/Client/UrlGetContents.php | SUCCESS
12:03:00_26-10-2025 | ::1 | Di chuyển file vendor/vinades/nukeviet/Core/Blocker.php | SUCCESS
12:03:00_26-10-2025 | ::1 | Di chuyển file vendor/vinades/nukeviet/Core/Database.php | SUCCESS
12:03:00_26-10-2025 | ::1 | Di chuyển file vendor/vinades/nukeviet/Core/Error.php | SUCCESS
12:03:00_26-10-2025 | ::1 | Di chuyển file vendor/vinades/nukeviet/Core/Optimizer.php | SUCCESS
12:03:00_26-10-2025 | ::1 | Di chuyển file vendor/vinades/nukeviet/Core/Request.php | SUCCESS
12:03:00_26-10-2025 | ::1 | Di chuyển file vendor/vinades/nukeviet/Core/Server.php | SUCCESS
12:03:00_26-10-2025 | ::1 | Di chuyển file vendor/vinades/nukeviet/Core/User.php | SUCCESS
12:03:00_26-10-2025 | ::1 | Di chuyển file vendor/vinades/nukeviet/ElasticSearch/Functions.php | SUCCESS
12:03:00_26-10-2025 | ::1 | Di chuyển file vendor/vinades/nukeviet/Facebook/InstantArticles.php | SUCCESS
12:03:00_26-10-2025 | ::1 | Di chuyển file vendor/vinades/nukeviet/Files/Download.php | SUCCESS
12:03:00_26-10-2025 | ::1 | Di chuyển file vendor/vinades/nukeviet/Files/Image.php | SUCCESS
12:03:00_26-10-2025 | ::1 | Di chuyển file vendor/vinades/nukeviet/Files/Upload.php | SUCCESS
12:03:00_26-10-2025 | ::1 | Di chuyển file vendor/vinades/nukeviet/Ftp/Buffer.php | SUCCESS
12:03:00_26-10-2025 | ::1 | Di chuyển file vendor/vinades/nukeviet/Ftp/Ftp.php | SUCCESS
12:03:00_26-10-2025 | ::1 | Di chuyển file vendor/vinades/nukeviet/Http/Cookie.php | SUCCESS
12:03:00_26-10-2025 | ::1 | Di chuyển file vendor/vinades/nukeviet/Http/Curl.php | SUCCESS
12:03:00_26-10-2025 | ::1 | Di chuyển file vendor/vinades/nukeviet/Http/Encoding.php | SUCCESS
12:03:00_26-10-2025 | ::1 | Di chuyển file vendor/vinades/nukeviet/Http/Http.php | SUCCESS
12:03:00_26-10-2025 | ::1 | Di chuyển file vendor/vinades/nukeviet/Http/Streams.php | SUCCESS
12:03:00_26-10-2025 | ::1 | Di chuyển file vendor/vinades/nukeviet/Seo/BotManager.php | SUCCESS
12:03:00_26-10-2025 | ::1 | Di chuyển file vendor/vinades/nukeviet/Xml/Array2XML.php | SUCCESS
12:03:00_26-10-2025 | ::1 | Di chuyển file vendor/vinades/nukeviet/Zalo/Zalo.php | SUCCESS
